#
# A fatal error has been detected by the Java Runtime Environment:
#
#  SIGBUS (0xa) at pc=0x000000010e2554f0, pid=6928, tid=34063
#
# JRE version: OpenJDK Runtime Environment (17.0.2+8) (build 17.0.2+8-86)
# Java VM: OpenJDK 64-Bit Server VM (17.0.2+8-86, mixed mode, sharing, tiered, compressed oops, compressed class ptrs, g1 gc, bsd-aarch64)
# Problematic frame:
# v  ~StubRoutines::SafeFetchN
#
# No core dump will be written. Core dumps have been disabled. To enable core dumping, try "ulimit -c unlimited" before starting Java again
#
# If you would like to submit a bug report, please visit:
#   https://bugreport.java.com/bugreport/crash.jsp
# The crash happened outside the Java Virtual Machine in native code.
# See problematic frame for where to report the bug.
#

---------------  S U M M A R Y ------------

Command Line: -Djava.library.path=/Users/collinkrueger/Downloads/javafx-sdk-18/lib -javaagent:/Applications/IntelliJ IDEA CE.app/Contents/lib/idea_rt.jar=52071:/Applications/IntelliJ IDEA CE.app/Contents/bin -Dfile.encoding=UTF-8 --module-path=/Users/collinkrueger/.m2/repository/org/kordamp/bootstrapfx/bootstrapfx-core/0.4.0/bootstrapfx-core-0.4.0.jar:/Users/collinkrueger/.m2/repository/net/synedra/validatorfx/0.1.13/validatorfx-0.1.13.jar:/Users/collinkrueger/.m2/repository/org/openjfx/javafx-web/17.0.1/javafx-web-17.0.1-mac-aarch64.jar:/Users/collinkrueger/Downloads/javafx-sdk-18/lib/javafx.web.jar:/Users/collinkrueger/.m2/repository/org/openjfx/javafx-media/17.0.1/javafx-media-17.0.1-mac-aarch64.jar:/Users/collinkrueger/Downloads/javafx-sdk-18/lib/javafx.media.jar:/Users/collinkrueger/.m2/repository/org/openjfx/javafx-controls/17.0.1/javafx-controls-17.0.1-mac-aarch64.jar:/Users/collinkrueger/Downloads/javafx-sdk-18/lib/javafx.controls.jar:/Users/collinkrueger/.m2/repository/org/openjfx/javafx-base/17.0.1/javafx-base-17.0.1-mac-aarch64.jar:/Users/collinkrueger/Downloads/javafx-sdk-18/lib/javafx.base.jar:/Users/collinkrueger/.m2/repository/org/openjfx/javafx-fxml/17.0.1/javafx-fxml-17.0.1-mac-aarch64.jar:/Users/collinkrueger/Downloads/javafx-sdk-18/lib/javafx.fxml.jar:/Users/collinkrueger/.m2/repository/org/controlsfx/controlsfx/11.1.0/controlsfx-11.1.0.jar:/Users/collinkrueger/.m2/repository/org/openjfx/javafx-graphics/17.0.1/javafx-graphics-17.0.1-mac-aarch64.jar:/Users/collinkrueger/Downloads/javafx-sdk-18/lib/javafx.graphics.jar:/Users/collinkrueger/.m2/repository/com/dlsc/formsfx/formsfx-core/11.3.2/formsfx-core-11.3.2.jar:/Users/collinkrueger/.m2/repository/org/kordamp/ikonli/ikonli-javafx/12.2.0/ikonli-javafx-12.2.0.jar:/Users/collinkrueger/.m2/repository/org/kordamp/ikonli/ikonli-core/12.2.0/ikonli-core-12.2.0.jar:/Users/collinkrueger/.m2/repository/eu/hansolo/tilesfx/11.48/tilesfx-11.48.jar:/Users/collinkrueger/Documents/GitHub/JavaFXOrSwingProject/target/classes -Djdk.module.main=com.example.hackathonjavafx com.example.hackathonjavafx/com.example.hackathonjavafx.HelloApplication

Host: "MacBookPro18,3" arm64 1 MHz, 8 cores, 16G, Darwin 21.3.0, macOS 12.2.1 (21D62)
Time: Sat Mar  5 13:54:48 2022 CST elapsed time: 1.775652 seconds (0d 0h 0m 1s)

---------------  T H R E A D  ---------------

Current thread (0x000000014ca83400):  JavaThread "InvokeLaterDispatcher" daemon [_thread_in_native, id=34063, stack(0x000000016dec8000,0x000000016e0cb000)]

Stack: [0x000000016dec8000,0x000000016e0cb000],  sp=0x000000016e0ca780,  free space=2057k
Native frames: (J=compiled Java code, j=interpreted, Vv=VM code, C=native code)
v  ~StubRoutines::SafeFetchN
V  [libjvm.dylib+0x7a6bcc]  _ZN10OopStorage7releaseEPKP7oopDesc+0x20
V  [libjvm.dylib+0x4ba824]  jni_DeleteGlobalRef+0xd8
C  [libglass.dylib+0xab08]  -[GlassRunnable dealloc]+0x34
C  [Foundation+0x84c7c]  -[_NSThreadPerformInfo dealloc]+0x30
C  [Foundation+0x51578]  -[NSObject(NSThreadPerformAdditions) performSelectorOnMainThread:withObject:waitUntilDone:]+0x88
C  0xc80680010e25d8ac
j  com.sun.glass.ui.mac.MacApplication.submitForLaterInvocation(Ljava/lang/Runnable;)V+2 javafx.graphics
j  com.sun.glass.ui.InvokeLaterDispatcher.run()V+82 javafx.graphics
v  ~StubRoutines::call_stub
V  [libjvm.dylib+0x461d08]  _ZN9JavaCalls11call_helperEP9JavaValueRK12methodHandleP17JavaCallArgumentsP10JavaThread+0x38c
V  [libjvm.dylib+0x460d24]  _ZN9JavaCalls12call_virtualEP9JavaValueP5KlassP6SymbolS5_P17JavaCallArgumentsP10JavaThread+0x11c
V  [libjvm.dylib+0x460df0]  _ZN9JavaCalls12call_virtualEP9JavaValue6HandleP5KlassP6SymbolS6_P10JavaThread+0x64
V  [libjvm.dylib+0x515f04]  _ZL12thread_entryP10JavaThreadS0_+0xc4
V  [libjvm.dylib+0x9071ac]  _ZN10JavaThread17thread_main_innerEv+0x13c
V  [libjvm.dylib+0x9058c0]  _ZN6Thread8call_runEv+0x128
V  [libjvm.dylib+0x7ad7c8]  _ZL19thread_native_entryP6Thread+0x158
C  [libsystem_pthread.dylib+0x7240]  _pthread_start+0x94

Java frames: (J=compiled Java code, j=interpreted, Vv=VM code)
j  com.sun.glass.ui.mac.MacApplication._submitForLaterInvocation(Ljava/lang/Runnable;)V+0 javafx.graphics
j  com.sun.glass.ui.mac.MacApplication.submitForLaterInvocation(Ljava/lang/Runnable;)V+2 javafx.graphics
j  com.sun.glass.ui.InvokeLaterDispatcher.run()V+82 javafx.graphics
v  ~StubRoutines::call_stub

siginfo: si_signo: 10 (SIGBUS), si_code: 1 (BUS_ADRALN), si_addr: 0x000000010e2554f0

Register to memory mapping:

 x0=0x000000014d805dc8 points into unknown readable memory: 0x0000000000000000 | 00 00 00 00 00 00 00 00
 x1=0x0 is NULL
 x2=0x000000070dcdd6e8 is an oop: com.sun.glass.ui.InvokeLaterDispatcher$Future 
{0x000000070dcdd6e8} - klass: 'com/sun/glass/ui/InvokeLaterDispatcher$Future'
 - ---- fields (total size 3 words):
 - private 'done' 'Z' @12  true
 - private final 'runnable' 'Ljava/lang/Runnable;' @16  a 'com/sun/javafx/tk/quantum/QuantumToolkit$$Lambda$106+0x0000000800c3a418'{0x000000070e86dd08} (e1d0dba1)
 - final synthetic 'this$0' 'Lcom/sun/glass/ui/InvokeLaterDispatcher;' @20  a 'com/sun/glass/ui/InvokeLaterDispatcher'{0x000000070e800170} (e1d0002e)
 x3=0x0 is NULL
 x4=0x00000000000130a8 is an unknown value
 x5=0x0 is NULL
 x6=0x0 is NULL
 x7=0x0 is NULL
 x8=0x000000010e2554ec is at begin+0 in a stub
StubRoutines::SafeFetchN [0x000000010e2554ec, 0x000000010e2554f8] (12 bytes)
 x9=0x0 is NULL
x10=0x2010000030300000 is an unknown value
x11=0x0000000000000007 is an unknown value
x12=0x0000000000000007 is an unknown value
x13=0x0000600001eb04e0 points into unknown readable memory: 0x2b360001a5a69738 | 38 97 a6 a5 01 00 36 2b
x14=0x0000000000000001 is an unknown value
x15=0x0000000128ca9f98: OBJC_CLASS_$_GlassRunnable+0 in /Users/collinkrueger/.openjfx/cache/17.0.1/libglass.dylib at 0x0000000128c64000
x16=0x00000001a4ad8094: pthread_getspecific+0 in /usr/lib/system/libsystem_pthread.dylib at 0x00000001a4ad6000
x17=0x000060000148de60 points into unknown readable memory: 0xfffffffffffffffe | fe ff ff ff ff ff ff ff
x18=0x0 is NULL
x19=0x0000600001b882a0 points into unknown readable memory: 0x000060000328c1a0 | a0 c1 28 03 00 60 00 00
x20=0x000000014d805bc0 points into unknown readable memory: 0x0000600001e8c800 | 00 c8 e8 01 00 60 00 00
x21=0x000000014d805dc8 points into unknown readable memory: 0x0000000000000000 | 00 00 00 00 00 00 00 00
x22=0x000000014ca83400 is a thread
x23=0x0000000000000001 is an unknown value
x24=0x000000014d805d80 is a global jni handle
x25=0x00000001067155e8: _ZN12StubRoutines17_safefetchN_entryE+0 in /Users/collinkrueger/Library/Java/JavaVirtualMachines/openjdk-17.0.2/Contents/Home/lib/server/libjvm.dylib at 0x0000000105b64000
x26=0x0000000128919ea0 is pointing into metadata
x27=0x0 is NULL
x28=0x000000014ca83400 is a thread


Registers:
 x0=0x000000014d805dc8  x1=0x0000000000000000  x2=0x000000070dcdd6e8  x3=0x0000000000000000
 x4=0x00000000000130a8  x5=0x0000000000000000  x6=0x0000000000000000  x7=0x0000000000000000
 x8=0x000000010e2554ec  x9=0x0000000000000000 x10=0x2010000030300000 x11=0x0000000000000007
x12=0x0000000000000007 x13=0x0000600001eb04e0 x14=0x0000000000000001 x15=0x0000000128ca9f98
x16=0x00000001a4ad8094 x17=0x000060000148de60 x18=0x0000000000000000 x19=0x0000600001b882a0
x20=0x000000014d805bc0 x21=0x000000014d805dc8 x22=0x000000014ca83400 x23=0x0000000000000001
x24=0x000000014d805d80 x25=0x00000001067155e8 x26=0x0000000128919ea0 x27=0x0000000000000000
x28=0x000000014ca83400  fp=0x000000016e0ca7c0  lr=0x000000010630999c  sp=0x000000016e0ca780
pc=0x000000010e2554f0 cpsr=0x0000000060001000
Top of Stack: (sp=0x000000016e0ca780)
0x000000016e0ca780:   0000000128919ea0 0000000000000001
0x000000016e0ca790:   000000016e0ca988 0000000000000000
0x000000016e0ca7a0:   000000014ca78aa8 000000014d805d88
0x000000016e0ca7b0:   000000014d805d88 0000600001b882a0
0x000000016e0ca7c0:   000000016e0ca800 000000010630abcc
0x000000016e0ca7d0:   0000000000000001 000000014d805d88
0x000000016e0ca7e0:   000000014ca78aa8 000000014d805d88
0x000000016e0ca7f0:   0000000000000001 000000014ca78800
0x000000016e0ca800:   000000016e0ca840 000000010601e824
0x000000016e0ca810:   000000016e0ca988 000060000329c230
0x000000016e0ca820:   000060000329c260 00000001ef0529e3
0x000000016e0ca830:   0000000000000000 000060000329c260
0x000000016e0ca840:   000000016e0ca870 0000000128c6eb08
0x000000016e0ca850:   b57b1eea77bd00b0 0000000000000000
0x000000016e0ca860:   0000000000000000 00006000025a47c0
0x000000016e0ca870:   000000016e0ca8b0 00000001a5a9cc7c
0x000000016e0ca880:   000000016e0ca988 000060000329c230
0x000000016e0ca890:   000060000329c260 b57b1eea77bd00b0
0x000000016e0ca8a0:   0000000000000000 0000000000000000
0x000000016e0ca8b0:   000000016e0ca8f0 f5070001a5a69578
0x000000016e0ca8c0:   000000016e0ca988 000000010e25c7c0
0x000000016e0ca8d0:   0000000000000000 000000010671cfa8
0x000000016e0ca8e0:   000000016e0ca900 000000010e25b730
0x000000016e0ca8f0:   000000016e0ca960 c80680010e25d8ac
0x000000016e0ca900:   000000016e0ca900 000000080098b325
0x000000016e0ca910:   000000016e0ca910 0000000000000000
0x000000016e0ca920:   000000016e0ca988 0000000128919ea0
0x000000016e0ca930:   000000070e800880 0000000000000000
0x000000016e0ca940:   0000000000000000 00000001288f2000
0x000000016e0ca950:   0000000000000000 000000016e0ca960
0x000000016e0ca960:   000000016e0ca9e0 000000010e259fc8
0x000000016e0ca970:   0000000000000000 0000000000000000 

Instructions: (pc=0x000000010e2554f0)
0x000000010e2553f0:   f2a0cdc9 f2c00029 6d425935 1e640886
0x000000010e255400:   0c402d31 1e6408c7 1f5654d0 1e6c1017
0x000000010e255410:   1f5050d0 1f504cd0 1f5048d0 1e650af6
0x000000010e255420:   1f50d8f6 1f5694d6 1f5158f6 1e762880
0x000000010e255430:   36000501 1e614000 14000026 2e251ca5
0x000000010e255440:   d2843009 f2a0cdc9 f2c00029 6d425d36
0x000000010e255450:   1e600806 0c402d32 1f5758c7 1e6c101a
0x000000010e255460:   1f4754c7 1e650805 1f4750c7 d2866668
0x000000010e255470:   f2a7fa68 1f474cc7 1e6608c0 1f4748c7
0x000000010e255480:   1e6e1019 eb08007f 540000ac 1f479400
0x000000010e255490:   1f460340 1e603b20 1400000e d2a7fd29
0x000000010e2554a0:   eb09007f 540000ac 51480069 d3607d29
0x000000010e2554b0:   9e670121 14000002 1e6a5001 1f679417
0x000000010e2554c0:   1f668742 1e613b23 1e773857 1e773860
0x000000010e2554d0:   a8c17ff3 910003bf a8c17bfd d65f03c0
0x000000010e2554e0:   b9400001 aa0103e0 d65f03c0 f9400001
0x000000010e2554f0:   aa0103e0 d65f03c0 00000000 00000000
0x000000010e255500:   00000000 00000000 00000000 00000000
0x000000010e255510:   00000000 00000000 00000000 00000000
0x000000010e255520:   00000000 00000000 00000000 00000000
0x000000010e255530:   00000000 00000000 00000000 00000000
0x000000010e255540:   00000000 00000000 00000000 00000000
0x000000010e255550:   00000000 00000000 00000000 00000000
0x000000010e255560:   00000000 00000000 00000000 00000000
0x000000010e255570:   00000000 00000000 00000000 00000000
0x000000010e255580:   00000000 00000000 00000000 00000000
0x000000010e255590:   00000000 00000000 00000000 00000000
0x000000010e2555a0:   00000000 00000000 00000000 00000000
0x000000010e2555b0:   00000000 00000000 00000000 00000000
0x000000010e2555c0:   00000000 00000000 00000000 00000000
0x000000010e2555d0:   00000000 00000000 00000000 00000000
0x000000010e2555e0:   00000000 00000000 00000000 00000000 


Stack slot to memory mapping:
stack at sp + 0 slots: 0x0000000128919ea0 is pointing into metadata
stack at sp + 1 slots: 0x0000000000000001 is an unknown value
stack at sp + 2 slots: 0x000000016e0ca988 is pointing into the stack for thread: 0x000000014ca83400
stack at sp + 3 slots: 0x0 is NULL
stack at sp + 4 slots: 0x000000014ca78aa8 points into unknown readable memory: 0x00000001066d2738 | 38 27 6d 06 01 00 00 00
stack at sp + 5 slots: 0x000000014d805d88 is a global jni handle
stack at sp + 6 slots: 0x000000014d805d88 is a global jni handle
stack at sp + 7 slots: 0x0000600001b882a0 points into unknown readable memory: 0x000060000328c1a0 | a0 c1 28 03 00 60 00 00

StubRoutines::SafeFetchN [0x000000010e2554ec, 0x000000010e2554f8] (12 bytes)
[MachCode]
  0x000000010e2554ec: 0100 40f9 | e003 01aa | c003 5fd6 
[/MachCode]

---------------  P R O C E S S  ---------------

Threads class SMR info:
_java_thread_list=0x0000600003042e00, length=20, elements={
0x000000014c00fc00, 0x000000014d00d400, 0x000000014c820000, 0x000000014d016200,
0x000000014e008c00, 0x000000014e009e00, 0x000000014e00a400, 0x000000014e00aa00,
0x000000014c0eea00, 0x000000014e00ba00, 0x000000012c008200, 0x000000012c00aa00,
0x000000014c866000, 0x000000014ca83400, 0x000000014ca78800, 0x000000012b979c00,
0x000000014e20aa00, 0x000000014d3e8e00, 0x000000014c1f8000, 0x000000014ca94400
}

Java Threads: ( => current thread )
  0x000000014c00fc00 JavaThread "main" [_thread_blocked, id=6403, stack(0x000000016b4c0000,0x000000016b6c3000)]
  0x000000014d00d400 JavaThread "Reference Handler" daemon [_thread_blocked, id=15363, stack(0x000000016c314000,0x000000016c517000)]
  0x000000014c820000 JavaThread "Finalizer" daemon [_thread_blocked, id=15619, stack(0x000000016c520000,0x000000016c723000)]
  0x000000014d016200 JavaThread "Signal Dispatcher" daemon [_thread_blocked, id=42499, stack(0x000000016c844000,0x000000016ca47000)]
  0x000000014e008c00 JavaThread "Service Thread" daemon [_thread_blocked, id=42243, stack(0x000000016ca50000,0x000000016cc53000)]
  0x000000014e009e00 JavaThread "Monitor Deflation Thread" daemon [_thread_blocked, id=41987, stack(0x000000016cc5c000,0x000000016ce5f000)]
  0x000000014e00a400 JavaThread "C2 CompilerThread0" daemon [_thread_blocked, id=41475, stack(0x000000016ce68000,0x000000016d06b000)]
  0x000000014e00aa00 JavaThread "C1 CompilerThread0" daemon [_thread_blocked, id=23555, stack(0x000000016d074000,0x000000016d277000)]
  0x000000014c0eea00 JavaThread "Sweeper thread" daemon [_thread_blocked, id=40707, stack(0x000000016d280000,0x000000016d483000)]
  0x000000014e00ba00 JavaThread "Common-Cleaner" daemon [_thread_blocked, id=40451, stack(0x000000016d48c000,0x000000016d68f000)]
  0x000000012c008200 JavaThread "Monitor Ctrl-Break" daemon [_thread_in_native, id=24067, stack(0x000000016d698000,0x000000016d89b000)]
  0x000000012c00aa00 JavaThread "Notification Thread" daemon [_thread_blocked, id=39939, stack(0x000000016d8a4000,0x000000016daa7000)]
  0x000000014c866000 JavaThread "QuantumRenderer-0" daemon [_thread_blocked, id=24579, stack(0x000000016dcbc000,0x000000016debf000)]
=>0x000000014ca83400 JavaThread "InvokeLaterDispatcher" daemon [_thread_in_native, id=34063, stack(0x000000016dec8000,0x000000016e0cb000)]
  0x000000014ca78800 JavaThread "JavaFX Application Thread" [_thread_in_vm, id=259, stack(0x000000016ac38000,0x000000016b434000)]
  0x000000012b979c00 JavaThread "JavaFX-Launcher" [_thread_blocked, id=75011, stack(0x000000016e3f8000,0x000000016e5fb000)]
  0x000000014e20aa00 JavaThread "Prism Font Disposer" daemon [_thread_blocked, id=57023, stack(0x000000016f040000,0x000000016f243000)]
  0x000000014d3e8e00 JavaThread "Cleaner-0" daemon [_thread_blocked, id=72711, stack(0x000000016f24c000,0x000000016f44f000)]
  0x000000014c1f8000 JavaThread "Attach Listener" daemon [_thread_blocked, id=79371, stack(0x000000016f458000,0x000000016f65b000)]
  0x000000014ca94400 JavaThread "PulseTimer-CVDisplayLink thread" daemon [_thread_in_native, id=61447, stack(0x000000016e0d4000,0x000000016e157000)]

Other Threads:
  0x000000014bf06b90 VMThread "VM Thread" [stack: 0x000000016c108000,0x000000016c30b000] [id=17155]
  0x000000014d808110 WatcherThread [stack: 0x000000016dab0000,0x000000016dcb3000] [id=39427]
  0x000000014be07da0 GCTaskThread "GC Thread#0" [stack: 0x000000016b6cc000,0x000000016b8cf000] [id=20739]
  0x000000014d954ba0 GCTaskThread "GC Thread#1" [stack: 0x000000016e604000,0x000000016e807000] [id=74499]
  0x000000014d955450 GCTaskThread "GC Thread#2" [stack: 0x000000016e810000,0x000000016ea13000] [id=54787]
  0x000000014be2a390 GCTaskThread "GC Thread#3" [stack: 0x000000016ea1c000,0x000000016ec1f000] [id=55043]
  0x000000014be2a640 GCTaskThread "GC Thread#4" [stack: 0x000000016ec28000,0x000000016ee2b000] [id=55299]
  0x000000014d9558d0 GCTaskThread "GC Thread#5" [stack: 0x000000016ee34000,0x000000016f037000] [id=73219]
  0x000000014be08450 ConcurrentGCThread "G1 Main Marker" [stack: 0x000000016b8d8000,0x000000016badb000] [id=20227]
  0x000000014be08cd0 ConcurrentGCThread "G1 Conc#0" [stack: 0x000000016bae4000,0x000000016bce7000] [id=19715]
  0x000000014be0ab40 ConcurrentGCThread "G1 Refine#0" [stack: 0x000000016bcf0000,0x000000016bef3000] [id=13827]
  0x000000013be04240 ConcurrentGCThread "G1 Service" [stack: 0x000000016befc000,0x000000016c0ff000] [id=18947]

Threads with active compile tasks:

VM state: not at safepoint (normal execution)

VM Mutex/Monitor currently owned by a thread: None

Heap address: 0x0000000700000000, size: 4096 MB, Compressed Oops mode: Zero based, Oop shift amount: 3

CDS archive(s) mapped at: [0x0000000800000000-0x0000000800bd4000-0x0000000800bd4000), size 12402688, SharedBaseAddress: 0x0000000800000000, ArchiveRelocationMode: 0.
Compressed class space mapped at: 0x0000000800c00000-0x0000000840c00000, reserved size: 1073741824
Narrow klass base: 0x0000000800000000, Narrow klass shift: 0, Narrow klass range: 0x100000000

GC Precious Log:
 CPUs: 8 total, 8 available
 Memory: 16384M
 Large Page Support: Disabled
 NUMA Support: Disabled
 Compressed Oops: Enabled (Zero based)
 Heap Region Size: 2M
 Heap Min Capacity: 8M
 Heap Initial Capacity: 256M
 Heap Max Capacity: 4G
 Pre-touch: Disabled
 Parallel Workers: 8
 Concurrent Workers: 2
 Concurrent Refinement Workers: 8
 Periodic GC: Disabled

Heap:
 garbage-first heap   total 266240K, used 35039K [0x0000000700000000, 0x0000000800000000)
  region size 2048K, 18 young (36864K), 2 survivors (4096K)
 Metaspace       used 13059K, committed 13312K, reserved 1064960K
  class space    used 1815K, committed 1920K, reserved 1048576K

Heap Regions: E=young(eden), S=young(survivor), O=old, HS=humongous(starts), HC=humongous(continues), CS=collection set, F=free, OA=open archive, CA=closed archive, TAMS=top-at-mark-start (previous, next)
|   0|0x0000000700000000, 0x0000000700200000, 0x0000000700200000|100%|HS|  |TAMS 0x0000000700000000, 0x0000000700000000| Complete 
|   1|0x0000000700200000, 0x0000000700200000, 0x0000000700400000|  0%| F|  |TAMS 0x0000000700200000, 0x0000000700200000| Untracked 
|   2|0x0000000700400000, 0x0000000700400000, 0x0000000700600000|  0%| F|  |TAMS 0x0000000700400000, 0x0000000700400000| Untracked 
|   3|0x0000000700600000, 0x0000000700600000, 0x0000000700800000|  0%| F|  |TAMS 0x0000000700600000, 0x0000000700600000| Untracked 
|   4|0x0000000700800000, 0x0000000700800000, 0x0000000700a00000|  0%| F|  |TAMS 0x0000000700800000, 0x0000000700800000| Untracked 
|   5|0x0000000700a00000, 0x0000000700a00000, 0x0000000700c00000|  0%| F|  |TAMS 0x0000000700a00000, 0x0000000700a00000| Untracked 
|   6|0x0000000700c00000, 0x0000000700c00000, 0x0000000700e00000|  0%| F|  |TAMS 0x0000000700c00000, 0x0000000700c00000| Untracked 
|   7|0x0000000700e00000, 0x0000000700e00000, 0x0000000701000000|  0%| F|  |TAMS 0x0000000700e00000, 0x0000000700e00000| Untracked 
|   8|0x0000000701000000, 0x0000000701000000, 0x0000000701200000|  0%| F|  |TAMS 0x0000000701000000, 0x0000000701000000| Untracked 
|   9|0x0000000701200000, 0x0000000701200000, 0x0000000701400000|  0%| F|  |TAMS 0x0000000701200000, 0x0000000701200000| Untracked 
|  10|0x0000000701400000, 0x0000000701400000, 0x0000000701600000|  0%| F|  |TAMS 0x0000000701400000, 0x0000000701400000| Untracked 
|  11|0x0000000701600000, 0x0000000701600000, 0x0000000701800000|  0%| F|  |TAMS 0x0000000701600000, 0x0000000701600000| Untracked 
|  12|0x0000000701800000, 0x0000000701800000, 0x0000000701a00000|  0%| F|  |TAMS 0x0000000701800000, 0x0000000701800000| Untracked 
|  13|0x0000000701a00000, 0x0000000701a00000, 0x0000000701c00000|  0%| F|  |TAMS 0x0000000701a00000, 0x0000000701a00000| Untracked 
|  14|0x0000000701c00000, 0x0000000701c00000, 0x0000000701e00000|  0%| F|  |TAMS 0x0000000701c00000, 0x0000000701c00000| Untracked 
|  15|0x0000000701e00000, 0x0000000701e00000, 0x0000000702000000|  0%| F|  |TAMS 0x0000000701e00000, 0x0000000701e00000| Untracked 
|  16|0x0000000702000000, 0x0000000702000000, 0x0000000702200000|  0%| F|  |TAMS 0x0000000702000000, 0x0000000702000000| Untracked 
|  17|0x0000000702200000, 0x0000000702200000, 0x0000000702400000|  0%| F|  |TAMS 0x0000000702200000, 0x0000000702200000| Untracked 
|  18|0x0000000702400000, 0x0000000702400000, 0x0000000702600000|  0%| F|  |TAMS 0x0000000702400000, 0x0000000702400000| Untracked 
|  19|0x0000000702600000, 0x0000000702600000, 0x0000000702800000|  0%| F|  |TAMS 0x0000000702600000, 0x0000000702600000| Untracked 
|  20|0x0000000702800000, 0x0000000702800000, 0x0000000702a00000|  0%| F|  |TAMS 0x0000000702800000, 0x0000000702800000| Untracked 
|  21|0x0000000702a00000, 0x0000000702a00000, 0x0000000702c00000|  0%| F|  |TAMS 0x0000000702a00000, 0x0000000702a00000| Untracked 
|  22|0x0000000702c00000, 0x0000000702c00000, 0x0000000702e00000|  0%| F|  |TAMS 0x0000000702c00000, 0x0000000702c00000| Untracked 
|  23|0x0000000702e00000, 0x0000000702e00000, 0x0000000703000000|  0%| F|  |TAMS 0x0000000702e00000, 0x0000000702e00000| Untracked 
|  24|0x0000000703000000, 0x0000000703000000, 0x0000000703200000|  0%| F|  |TAMS 0x0000000703000000, 0x0000000703000000| Untracked 
|  25|0x0000000703200000, 0x0000000703200000, 0x0000000703400000|  0%| F|  |TAMS 0x0000000703200000, 0x0000000703200000| Untracked 
|  26|0x0000000703400000, 0x0000000703400000, 0x0000000703600000|  0%| F|  |TAMS 0x0000000703400000, 0x0000000703400000| Untracked 
|  27|0x0000000703600000, 0x0000000703600000, 0x0000000703800000|  0%| F|  |TAMS 0x0000000703600000, 0x0000000703600000| Untracked 
|  28|0x0000000703800000, 0x0000000703800000, 0x0000000703a00000|  0%| F|  |TAMS 0x0000000703800000, 0x0000000703800000| Untracked 
|  29|0x0000000703a00000, 0x0000000703a00000, 0x0000000703c00000|  0%| F|  |TAMS 0x0000000703a00000, 0x0000000703a00000| Untracked 
|  30|0x0000000703c00000, 0x0000000703c00000, 0x0000000703e00000|  0%| F|  |TAMS 0x0000000703c00000, 0x0000000703c00000| Untracked 
|  31|0x0000000703e00000, 0x0000000703e00000, 0x0000000704000000|  0%| F|  |TAMS 0x0000000703e00000, 0x0000000703e00000| Untracked 
|  32|0x0000000704000000, 0x0000000704000000, 0x0000000704200000|  0%| F|  |TAMS 0x0000000704000000, 0x0000000704000000| Untracked 
|  33|0x0000000704200000, 0x0000000704200000, 0x0000000704400000|  0%| F|  |TAMS 0x0000000704200000, 0x0000000704200000| Untracked 
|  34|0x0000000704400000, 0x0000000704400000, 0x0000000704600000|  0%| F|  |TAMS 0x0000000704400000, 0x0000000704400000| Untracked 
|  35|0x0000000704600000, 0x0000000704600000, 0x0000000704800000|  0%| F|  |TAMS 0x0000000704600000, 0x0000000704600000| Untracked 
|  36|0x0000000704800000, 0x0000000704800000, 0x0000000704a00000|  0%| F|  |TAMS 0x0000000704800000, 0x0000000704800000| Untracked 
|  37|0x0000000704a00000, 0x0000000704a00000, 0x0000000704c00000|  0%| F|  |TAMS 0x0000000704a00000, 0x0000000704a00000| Untracked 
|  38|0x0000000704c00000, 0x0000000704c00000, 0x0000000704e00000|  0%| F|  |TAMS 0x0000000704c00000, 0x0000000704c00000| Untracked 
|  39|0x0000000704e00000, 0x0000000704e00000, 0x0000000705000000|  0%| F|  |TAMS 0x0000000704e00000, 0x0000000704e00000| Untracked 
|  40|0x0000000705000000, 0x0000000705000000, 0x0000000705200000|  0%| F|  |TAMS 0x0000000705000000, 0x0000000705000000| Untracked 
|  41|0x0000000705200000, 0x0000000705200000, 0x0000000705400000|  0%| F|  |TAMS 0x0000000705200000, 0x0000000705200000| Untracked 
|  42|0x0000000705400000, 0x0000000705400000, 0x0000000705600000|  0%| F|  |TAMS 0x0000000705400000, 0x0000000705400000| Untracked 
|  43|0x0000000705600000, 0x0000000705600000, 0x0000000705800000|  0%| F|  |TAMS 0x0000000705600000, 0x0000000705600000| Untracked 
|  44|0x0000000705800000, 0x0000000705800000, 0x0000000705a00000|  0%| F|  |TAMS 0x0000000705800000, 0x0000000705800000| Untracked 
|  45|0x0000000705a00000, 0x0000000705a00000, 0x0000000705c00000|  0%| F|  |TAMS 0x0000000705a00000, 0x0000000705a00000| Untracked 
|  46|0x0000000705c00000, 0x0000000705c00000, 0x0000000705e00000|  0%| F|  |TAMS 0x0000000705c00000, 0x0000000705c00000| Untracked 
|  47|0x0000000705e00000, 0x0000000705e00000, 0x0000000706000000|  0%| F|  |TAMS 0x0000000705e00000, 0x0000000705e00000| Untracked 
|  48|0x0000000706000000, 0x0000000706000000, 0x0000000706200000|  0%| F|  |TAMS 0x0000000706000000, 0x0000000706000000| Untracked 
|  49|0x0000000706200000, 0x0000000706200000, 0x0000000706400000|  0%| F|  |TAMS 0x0000000706200000, 0x0000000706200000| Untracked 
|  50|0x0000000706400000, 0x0000000706400000, 0x0000000706600000|  0%| F|  |TAMS 0x0000000706400000, 0x0000000706400000| Untracked 
|  51|0x0000000706600000, 0x0000000706600000, 0x0000000706800000|  0%| F|  |TAMS 0x0000000706600000, 0x0000000706600000| Untracked 
|  52|0x0000000706800000, 0x0000000706800000, 0x0000000706a00000|  0%| F|  |TAMS 0x0000000706800000, 0x0000000706800000| Untracked 
|  53|0x0000000706a00000, 0x0000000706a00000, 0x0000000706c00000|  0%| F|  |TAMS 0x0000000706a00000, 0x0000000706a00000| Untracked 
|  54|0x0000000706c00000, 0x0000000706c00000, 0x0000000706e00000|  0%| F|  |TAMS 0x0000000706c00000, 0x0000000706c00000| Untracked 
|  55|0x0000000706e00000, 0x0000000706e00000, 0x0000000707000000|  0%| F|  |TAMS 0x0000000706e00000, 0x0000000706e00000| Untracked 
|  56|0x0000000707000000, 0x0000000707000000, 0x0000000707200000|  0%| F|  |TAMS 0x0000000707000000, 0x0000000707000000| Untracked 
|  57|0x0000000707200000, 0x0000000707200000, 0x0000000707400000|  0%| F|  |TAMS 0x0000000707200000, 0x0000000707200000| Untracked 
|  58|0x0000000707400000, 0x0000000707400000, 0x0000000707600000|  0%| F|  |TAMS 0x0000000707400000, 0x0000000707400000| Untracked 
|  59|0x0000000707600000, 0x0000000707600000, 0x0000000707800000|  0%| F|  |TAMS 0x0000000707600000, 0x0000000707600000| Untracked 
|  60|0x0000000707800000, 0x0000000707800000, 0x0000000707a00000|  0%| F|  |TAMS 0x0000000707800000, 0x0000000707800000| Untracked 
|  61|0x0000000707a00000, 0x0000000707a00000, 0x0000000707c00000|  0%| F|  |TAMS 0x0000000707a00000, 0x0000000707a00000| Untracked 
|  62|0x0000000707c00000, 0x0000000707c00000, 0x0000000707e00000|  0%| F|  |TAMS 0x0000000707c00000, 0x0000000707c00000| Untracked 
|  63|0x0000000707e00000, 0x0000000707e00000, 0x0000000708000000|  0%| F|  |TAMS 0x0000000707e00000, 0x0000000707e00000| Untracked 
|  64|0x0000000708000000, 0x0000000708000000, 0x0000000708200000|  0%| F|  |TAMS 0x0000000708000000, 0x0000000708000000| Untracked 
|  65|0x0000000708200000, 0x0000000708200000, 0x0000000708400000|  0%| F|  |TAMS 0x0000000708200000, 0x0000000708200000| Untracked 
|  66|0x0000000708400000, 0x0000000708400000, 0x0000000708600000|  0%| F|  |TAMS 0x0000000708400000, 0x0000000708400000| Untracked 
|  67|0x0000000708600000, 0x0000000708600000, 0x0000000708800000|  0%| F|  |TAMS 0x0000000708600000, 0x0000000708600000| Untracked 
|  68|0x0000000708800000, 0x0000000708800000, 0x0000000708a00000|  0%| F|  |TAMS 0x0000000708800000, 0x0000000708800000| Untracked 
|  69|0x0000000708a00000, 0x0000000708a00000, 0x0000000708c00000|  0%| F|  |TAMS 0x0000000708a00000, 0x0000000708a00000| Untracked 
|  70|0x0000000708c00000, 0x0000000708c00000, 0x0000000708e00000|  0%| F|  |TAMS 0x0000000708c00000, 0x0000000708c00000| Untracked 
|  71|0x0000000708e00000, 0x0000000708e00000, 0x0000000709000000|  0%| F|  |TAMS 0x0000000708e00000, 0x0000000708e00000| Untracked 
|  72|0x0000000709000000, 0x0000000709000000, 0x0000000709200000|  0%| F|  |TAMS 0x0000000709000000, 0x0000000709000000| Untracked 
|  73|0x0000000709200000, 0x0000000709200000, 0x0000000709400000|  0%| F|  |TAMS 0x0000000709200000, 0x0000000709200000| Untracked 
|  74|0x0000000709400000, 0x0000000709400000, 0x0000000709600000|  0%| F|  |TAMS 0x0000000709400000, 0x0000000709400000| Untracked 
|  75|0x0000000709600000, 0x0000000709600000, 0x0000000709800000|  0%| F|  |TAMS 0x0000000709600000, 0x0000000709600000| Untracked 
|  76|0x0000000709800000, 0x0000000709800000, 0x0000000709a00000|  0%| F|  |TAMS 0x0000000709800000, 0x0000000709800000| Untracked 
|  77|0x0000000709a00000, 0x0000000709a00000, 0x0000000709c00000|  0%| F|  |TAMS 0x0000000709a00000, 0x0000000709a00000| Untracked 
|  78|0x0000000709c00000, 0x0000000709c00000, 0x0000000709e00000|  0%| F|  |TAMS 0x0000000709c00000, 0x0000000709c00000| Untracked 
|  79|0x0000000709e00000, 0x0000000709e00000, 0x000000070a000000|  0%| F|  |TAMS 0x0000000709e00000, 0x0000000709e00000| Untracked 
|  80|0x000000070a000000, 0x000000070a000000, 0x000000070a200000|  0%| F|  |TAMS 0x000000070a000000, 0x000000070a000000| Untracked 
|  81|0x000000070a200000, 0x000000070a200000, 0x000000070a400000|  0%| F|  |TAMS 0x000000070a200000, 0x000000070a200000| Untracked 
|  82|0x000000070a400000, 0x000000070a400000, 0x000000070a600000|  0%| F|  |TAMS 0x000000070a400000, 0x000000070a400000| Untracked 
|  83|0x000000070a600000, 0x000000070a600000, 0x000000070a800000|  0%| F|  |TAMS 0x000000070a600000, 0x000000070a600000| Untracked 
|  84|0x000000070a800000, 0x000000070a800000, 0x000000070aa00000|  0%| F|  |TAMS 0x000000070a800000, 0x000000070a800000| Untracked 
|  85|0x000000070aa00000, 0x000000070aa00000, 0x000000070ac00000|  0%| F|  |TAMS 0x000000070aa00000, 0x000000070aa00000| Untracked 
|  86|0x000000070ac00000, 0x000000070ac00000, 0x000000070ae00000|  0%| F|  |TAMS 0x000000070ac00000, 0x000000070ac00000| Untracked 
|  87|0x000000070ae00000, 0x000000070ae00000, 0x000000070b000000|  0%| F|  |TAMS 0x000000070ae00000, 0x000000070ae00000| Untracked 
|  88|0x000000070b000000, 0x000000070b000000, 0x000000070b200000|  0%| F|  |TAMS 0x000000070b000000, 0x000000070b000000| Untracked 
|  89|0x000000070b200000, 0x000000070b200000, 0x000000070b400000|  0%| F|  |TAMS 0x000000070b200000, 0x000000070b200000| Untracked 
|  90|0x000000070b400000, 0x000000070b400000, 0x000000070b600000|  0%| F|  |TAMS 0x000000070b400000, 0x000000070b400000| Untracked 
|  91|0x000000070b600000, 0x000000070b600000, 0x000000070b800000|  0%| F|  |TAMS 0x000000070b600000, 0x000000070b600000| Untracked 
|  92|0x000000070b800000, 0x000000070b800000, 0x000000070ba00000|  0%| F|  |TAMS 0x000000070b800000, 0x000000070b800000| Untracked 
|  93|0x000000070ba00000, 0x000000070ba00000, 0x000000070bc00000|  0%| F|  |TAMS 0x000000070ba00000, 0x000000070ba00000| Untracked 
|  94|0x000000070bc00000, 0x000000070bc00000, 0x000000070be00000|  0%| F|  |TAMS 0x000000070bc00000, 0x000000070bc00000| Untracked 
|  95|0x000000070be00000, 0x000000070be00000, 0x000000070c000000|  0%| F|  |TAMS 0x000000070be00000, 0x000000070be00000| Untracked 
|  96|0x000000070c000000, 0x000000070c000000, 0x000000070c200000|  0%| F|  |TAMS 0x000000070c000000, 0x000000070c000000| Untracked 
|  97|0x000000070c200000, 0x000000070c200000, 0x000000070c400000|  0%| F|  |TAMS 0x000000070c200000, 0x000000070c200000| Untracked 
|  98|0x000000070c400000, 0x000000070c400000, 0x000000070c600000|  0%| F|  |TAMS 0x000000070c400000, 0x000000070c400000| Untracked 
|  99|0x000000070c600000, 0x000000070c600000, 0x000000070c800000|  0%| F|  |TAMS 0x000000070c600000, 0x000000070c600000| Untracked 
| 100|0x000000070c800000, 0x000000070c800000, 0x000000070ca00000|  0%| F|  |TAMS 0x000000070c800000, 0x000000070c800000| Untracked 
| 101|0x000000070ca00000, 0x000000070ca00000, 0x000000070cc00000|  0%| F|  |TAMS 0x000000070ca00000, 0x000000070ca00000| Untracked 
| 102|0x000000070cc00000, 0x000000070cc00000, 0x000000070ce00000|  0%| F|  |TAMS 0x000000070cc00000, 0x000000070cc00000| Untracked 
| 103|0x000000070ce00000, 0x000000070ce00000, 0x000000070d000000|  0%| F|  |TAMS 0x000000070ce00000, 0x000000070ce00000| Untracked 
| 104|0x000000070d000000, 0x000000070d000000, 0x000000070d200000|  0%| F|  |TAMS 0x000000070d000000, 0x000000070d000000| Untracked 
| 105|0x000000070d200000, 0x000000070d200000, 0x000000070d400000|  0%| F|  |TAMS 0x000000070d200000, 0x000000070d200000| Untracked 
| 106|0x000000070d400000, 0x000000070d400000, 0x000000070d600000|  0%| F|  |TAMS 0x000000070d400000, 0x000000070d400000| Untracked 
| 107|0x000000070d600000, 0x000000070d600000, 0x000000070d800000|  0%| F|  |TAMS 0x000000070d600000, 0x000000070d600000| Untracked 
| 108|0x000000070d800000, 0x000000070d800000, 0x000000070da00000|  0%| F|  |TAMS 0x000000070d800000, 0x000000070d800000| Untracked 
| 109|0x000000070da00000, 0x000000070da00000, 0x000000070dc00000|  0%| F|  |TAMS 0x000000070da00000, 0x000000070da00000| Untracked 
| 110|0x000000070dc00000, 0x000000070dd71b40, 0x000000070de00000| 72%| E|  |TAMS 0x000000070dc00000, 0x000000070dc00000| Complete 
| 111|0x000000070de00000, 0x000000070e000000, 0x000000070e000000|100%| E|CS|TAMS 0x000000070de00000, 0x000000070de00000| Complete 
| 112|0x000000070e000000, 0x000000070e200000, 0x000000070e200000|100%| E|CS|TAMS 0x000000070e000000, 0x000000070e000000| Complete 
| 113|0x000000070e200000, 0x000000070e400000, 0x000000070e400000|100%| E|  |TAMS 0x000000070e200000, 0x000000070e200000| Complete 
| 114|0x000000070e400000, 0x000000070e600000, 0x000000070e600000|100%| E|CS|TAMS 0x000000070e400000, 0x000000070e400000| Complete 
| 115|0x000000070e600000, 0x000000070e63fff0, 0x000000070e800000| 12%| S|CS|TAMS 0x000000070e600000, 0x000000070e600000| Complete 
| 116|0x000000070e800000, 0x000000070ea00000, 0x000000070ea00000|100%| S|CS|TAMS 0x000000070e800000, 0x000000070e800000| Complete 
| 117|0x000000070ea00000, 0x000000070ec00000, 0x000000070ec00000|100%| E|CS|TAMS 0x000000070ea00000, 0x000000070ea00000| Complete 
| 118|0x000000070ec00000, 0x000000070ee00000, 0x000000070ee00000|100%| E|CS|TAMS 0x000000070ec00000, 0x000000070ec00000| Complete 
| 119|0x000000070ee00000, 0x000000070f000000, 0x000000070f000000|100%| E|CS|TAMS 0x000000070ee00000, 0x000000070ee00000| Complete 
| 120|0x000000070f000000, 0x000000070f200000, 0x000000070f200000|100%| E|CS|TAMS 0x000000070f000000, 0x000000070f000000| Complete 
| 121|0x000000070f200000, 0x000000070f400000, 0x000000070f400000|100%| E|CS|TAMS 0x000000070f200000, 0x000000070f200000| Complete 
| 122|0x000000070f400000, 0x000000070f600000, 0x000000070f600000|100%| E|CS|TAMS 0x000000070f400000, 0x000000070f400000| Complete 
| 123|0x000000070f600000, 0x000000070f800000, 0x000000070f800000|100%| E|CS|TAMS 0x000000070f600000, 0x000000070f600000| Complete 
| 124|0x000000070f800000, 0x000000070fa00000, 0x000000070fa00000|100%| E|CS|TAMS 0x000000070f800000, 0x000000070f800000| Complete 
| 125|0x000000070fa00000, 0x000000070fc00000, 0x000000070fc00000|100%| E|CS|TAMS 0x000000070fa00000, 0x000000070fa00000| Complete 
| 126|0x000000070fc00000, 0x000000070fe00000, 0x000000070fe00000|100%| E|CS|TAMS 0x000000070fc00000, 0x000000070fc00000| Complete 
| 127|0x000000070fe00000, 0x0000000710000000, 0x0000000710000000|100%| E|CS|TAMS 0x000000070fe00000, 0x000000070fe00000| Complete 
|2046|0x00000007ffc00000, 0x00000007ffd78000, 0x00000007ffe00000| 73%|OA|  |TAMS 0x00000007ffc00000, 0x00000007ffc00000| Untracked 
|2047|0x00000007ffe00000, 0x00000007ffe80000, 0x0000000800000000| 25%|CA|  |TAMS 0x00000007ffe00000, 0x00000007ffe00000| Untracked 

Card table byte_map: [0x000000011d254000,0x000000011da54000] _byte_map_base: 0x0000000119a54000

Marking Bits (Prev, Next): (CMBitMap*) 0x000000014c039410, (CMBitMap*) 0x000000014c039450
 Prev Bits: [0x000000011e254000, 0x0000000122254000)
 Next Bits: [0x0000000122254000, 0x0000000126254000)

Polling page: 0x0000000104a50000

Metaspace:

Usage:
  Non-class:     10.98 MB used.
      Class:      1.77 MB used.
       Both:     12.75 MB used.

Virtual space:
  Non-class space:       16.00 MB reserved,      11.12 MB ( 70%) committed,  2 nodes.
      Class space:        1.00 GB reserved,       1.88 MB ( <1%) committed,  1 nodes.
             Both:        1.02 GB reserved,      13.00 MB (  1%) committed. 

Chunk freelists:
   Non-Class:  912.00 KB
       Class:  2.10 MB
        Both:  2.99 MB

MaxMetaspaceSize: unlimited
CompressedClassSpaceSize: 1.00 GB
Initial GC threshold: 21.00 MB
Current GC threshold: 21.00 MB
CDS: on
MetaspaceReclaimPolicy: balanced
 - commit_granule_bytes: 65536.
 - commit_granule_words: 8192.
 - virtual_space_node_default_size: 1048576.
 - enlarge_chunks_in_place: 1.
 - new_chunks_are_fully_committed: 0.
 - uncommit_free_chunks: 1.
 - use_allocation_guard: 0.
 - handle_deallocations: 1.


Internal statistics:

num_allocs_failed_limit: 0.
num_arena_births: 204.
num_arena_deaths: 0.
num_vsnodes_births: 3.
num_vsnodes_deaths: 0.
num_space_committed: 208.
num_space_uncommitted: 0.
num_chunks_returned_to_freelist: 0.
num_chunks_taken_from_freelist: 603.
num_chunk_merges: 0.
num_chunk_splits: 413.
num_chunks_enlarged: 306.
num_purges: 0.
num_inconsistent_stats: 0.

CodeHeap 'non-profiled nmethods': size=120032Kb used=511Kb max_used=511Kb free=119520Kb
 bounds [0x0000000115d1c000, 0x0000000115f8c000, 0x000000011d254000]
CodeHeap 'profiled nmethods': size=120016Kb used=2854Kb max_used=2854Kb free=117162Kb
 bounds [0x000000010e7e8000, 0x000000010eab8000, 0x0000000115d1c000]
CodeHeap 'non-nmethods': size=5712Kb used=1353Kb max_used=1399Kb free=4358Kb
 bounds [0x000000010e254000, 0x000000010e4c4000, 0x000000010e7e8000]
 total_blobs=2266 nmethods=1525 adapters=658
 compilation: enabled
              stopped_count=0, restarted_count=0
 full_count=0

Compilation events (20 events):
Event: 1.540 Thread 0x000000014e00aa00 1607       1       java.util.concurrent.locks.AbstractOwnableSynchronizer::setExclusiveOwnerThread (6 bytes)
Event: 1.540 Thread 0x000000014e00aa00 nmethod 1607 0x0000000115d9b310 code [0x0000000115d9b480, 0x0000000115d9b5e8]
Event: 1.540 Thread 0x000000014e00aa00 1608       1       java.util.concurrent.locks.AbstractQueuedSynchronizer::setState (6 bytes)
Event: 1.540 Thread 0x000000014e00aa00 nmethod 1608 0x0000000115d9b690 code [0x0000000115d9b800, 0x0000000115d9b8e8]
Event: 1.563 Thread 0x000000014e00aa00 1609       3       javafx.scene.Node::updateLocalToParentTransform (442 bytes)
Event: 1.566 Thread 0x000000014e00aa00 nmethod 1609 0x000000010eaa5e90 code [0x000000010eaa6b40, 0x000000010eaad8a8]
Event: 1.615 Thread 0x000000014e00aa00 1610       3       java.util.WeakHashMap$HashIterator::hasNext (95 bytes)
Event: 1.615 Thread 0x000000014e00aa00 nmethod 1610 0x000000010eaaf710 code [0x000000010eaaf900, 0x000000010eaafee8]
Event: 1.623 Thread 0x000000014e00aa00 1611       3       java.util.WeakHashMap::size (18 bytes)
Event: 1.623 Thread 0x000000014e00aa00 nmethod 1611 0x000000010eab0090 code [0x000000010eab0240, 0x000000010eab0458]
Event: 1.698 Thread 0x000000014e00aa00 1612       3       com.sun.glass.ui.Application::GetApplication (4 bytes)
Event: 1.698 Thread 0x000000014e00aa00 nmethod 1612 0x000000010eab0510 code [0x000000010eab06c0, 0x000000010eab07e8]
Event: 1.732 Thread 0x000000014e00aa00 1613       3       java.util.WeakHashMap::isEmpty (13 bytes)
Event: 1.733 Thread 0x000000014e00aa00 nmethod 1613 0x000000010eab0890 code [0x000000010eab0a40, 0x000000010eab0cd8]
Event: 1.749 Thread 0x000000014e00aa00 1614       1       java.util.WeakHashMap$Entry::getValue (5 bytes)
Event: 1.749 Thread 0x000000014e00aa00 nmethod 1614 0x0000000115d9b990 code [0x0000000115d9bb00, 0x0000000115d9bbe8]
Event: 1.757 Thread 0x000000014e00aa00 1615       3       java.lang.invoke.DirectMethodHandle::allocateInstance (16 bytes)
Event: 1.757 Thread 0x000000014e00aa00 nmethod 1615 0x000000010eab0e10 code [0x000000010eab0fc0, 0x000000010eab1218]
Event: 1.757 Thread 0x000000014e00aa00 1616       3       java.lang.invoke.DirectMethodHandle::constructorMethod (10 bytes)
Event: 1.757 Thread 0x000000014e00aa00 nmethod 1616 0x000000010eab1310 code [0x000000010eab14c0, 0x000000010eab16e8]

GC Heap History (2 events):
Event: 0.280 GC heap before
{Heap before GC invocations=0 (full 0):
 garbage-first heap   total 266240K, used 24544K [0x0000000700000000, 0x0000000800000000)
  region size 2048K, 11 young (22528K), 0 survivors (0K)
 Metaspace       used 4615K, committed 4800K, reserved 1056768K
  class space    used 524K, committed 576K, reserved 1048576K
}
Event: 0.291 GC heap after
{Heap after GC invocations=1 (full 0):
 garbage-first heap   total 266240K, used 4319K [0x0000000700000000, 0x0000000800000000)
  region size 2048K, 2 young (4096K), 2 survivors (4096K)
 Metaspace       used 4615K, committed 4800K, reserved 1056768K
  class space    used 524K, committed 576K, reserved 1048576K
}

Deoptimization events (20 events):
Event: 0.494 Thread 0x000000014ca78800 Uncommon trap: trap_request=0xffffff45 fr.pc=0x0000000115d500e4 relative=0x00000000000001a4
Event: 0.494 Thread 0x000000014ca78800 Uncommon trap: reason=unstable_if action=reinterpret pc=0x0000000115d500e4 method=java.lang.String.isLatin1()Z @ 10 c2
Event: 0.494 Thread 0x000000014ca78800 DEOPT PACKING pc=0x0000000115d500e4 sp=0x000000016b42d860
Event: 0.494 Thread 0x000000014ca78800 DEOPT UNPACKING pc=0x000000010e292d1c sp=0x000000016b42d790 mode 2
Event: 0.503 Thread 0x000000014ca78800 Uncommon trap: trap_request=0xffffffde fr.pc=0x0000000115d48698 relative=0x0000000000000158
Event: 0.503 Thread 0x000000014ca78800 Uncommon trap: reason=class_check action=maybe_recompile pc=0x0000000115d48698 method=java.lang.String.equals(Ljava/lang/Object;)Z @ 8 c2
Event: 0.503 Thread 0x000000014ca78800 DEOPT PACKING pc=0x0000000115d48698 sp=0x000000016b42dad0
Event: 0.503 Thread 0x000000014ca78800 DEOPT UNPACKING pc=0x000000010e292d1c sp=0x000000016b42da70 mode 2
Event: 0.514 Thread 0x000000014ca78800 Uncommon trap: trap_request=0xffffff45 fr.pc=0x0000000115d73e5c relative=0x000000000000019c
Event: 0.514 Thread 0x000000014ca78800 Uncommon trap: reason=unstable_if action=reinterpret pc=0x0000000115d73e5c method=java.io.ByteArrayInputStream.read()I @ 8 c2
Event: 0.514 Thread 0x000000014ca78800 DEOPT PACKING pc=0x0000000115d73e5c sp=0x000000016b42cec0
Event: 0.514 Thread 0x000000014ca78800 DEOPT UNPACKING pc=0x000000010e292d1c sp=0x000000016b42ce40 mode 2
Event: 1.174 Thread 0x000000014c1f8000 Uncommon trap: trap_request=0xffffff45 fr.pc=0x0000000115d7803c relative=0x0000000000000e3c
Event: 1.174 Thread 0x000000014c1f8000 Uncommon trap: reason=unstable_if action=reinterpret pc=0x0000000115d7803c method=java.util.concurrent.ConcurrentHashMap.putVal(Ljava/lang/Object;Ljava/lang/Object;Z)Ljava/lang/Object; @ 148 c2
Event: 1.174 Thread 0x000000014c1f8000 DEOPT PACKING pc=0x0000000115d7803c sp=0x000000016f6598c0
Event: 1.174 Thread 0x000000014c1f8000 DEOPT UNPACKING pc=0x000000010e292d1c sp=0x000000016f6597d0 mode 2
Event: 1.175 Thread 0x000000014c1f8000 Uncommon trap: trap_request=0xffffff45 fr.pc=0x0000000115d2d338 relative=0x00000000000000f8
Event: 1.175 Thread 0x000000014c1f8000 Uncommon trap: reason=unstable_if action=reinterpret pc=0x0000000115d2d338 method=java.lang.StringLatin1.lastIndexOf([BI[BII)I @ 86 c2
Event: 1.175 Thread 0x000000014c1f8000 DEOPT PACKING pc=0x0000000115d2d338 sp=0x000000016f6598b0
Event: 1.175 Thread 0x000000014c1f8000 DEOPT UNPACKING pc=0x000000010e292d1c sp=0x000000016f659810 mode 2

Classes unloaded (0 events):
No events

Classes redefined (0 events):
No events

Internal exceptions (20 events):
Event: 0.325 Thread 0x000000014ca78800 Exception <a 'java/lang/NoSuchMethodError'{0x000000070f84b9b8}: 'java.lang.Object java.lang.invoke.DirectMethodHandle$Holder.invokeStaticInit(java.lang.Object, java.lang.Object, java.lang.Object, java.lang.Object)'> (0x000000070f84b9b8) 
thrown [open/src/hotspot/share/interpreter/linkResolver.cpp, line 766]
Event: 0.326 Thread 0x000000014ca78800 Exception <a 'java/lang/NullPointerException'{0x000000070f8576c0}> (0x000000070f8576c0) 
thrown [open/src/hotspot/share/interpreter/linkResolver.cpp, line 1357]
Event: 0.334 Thread 0x000000014ca78800 Exception <a 'java/lang/NoSuchMethodError'{0x000000070f9e0640}: 'java.lang.Object java.lang.invoke.DirectMethodHandle$Holder.invokeSpecial(java.lang.Object, java.lang.Object, java.lang.Object, int, java.lang.Object)'> (0x000000070f9e0640) 
thrown [open/src/hotspot/share/interpreter/linkResolver.cpp, line 766]
Event: 0.376 Thread 0x000000014ca78800 Exception <a 'java/lang/NoSuchMethodError'{0x000000070f3e90c0}: 'void java.lang.invoke.DirectMethodHandle$Holder.invokeStaticInit(java.lang.Object, java.lang.Object)'> (0x000000070f3e90c0) 
thrown [open/src/hotspot/share/interpreter/linkResolver.cpp, line 766]
Event: 0.388 Thread 0x000000014ca78800 Exception <a 'sun/nio/fs/UnixException'{0x000000070f129fb0}> (0x000000070f129fb0) 
thrown [open/src/hotspot/share/prims/jni.cpp, line 516]
Event: 0.392 Thread 0x000000014ca78800 Implicit null exception at 0x0000000115d4c5f8 to 0x0000000115d4c688
Event: 0.396 Thread 0x000000014ca78800 Implicit null exception at 0x0000000115d72c94 to 0x0000000115d73058
Event: 0.431 Thread 0x000000014ca78800 Implicit null exception at 0x0000000115d70a14 to 0x0000000115d70dcc
Event: 0.501 Thread 0x000000014ca78800 Exception <a 'java/lang/NoSuchMethodError'{0x000000070eb8a498}: 'java.lang.Object java.lang.invoke.DirectMethodHandle$Holder.invokeInterface(java.lang.Object, java.lang.Object, java.lang.Object)'> (0x000000070eb8a498) 
thrown [open/src/hotspot/share/interpreter/linkResolver.cpp, line 766]
Event: 0.501 Thread 0x000000014ca78800 Exception <a 'java/lang/IncompatibleClassChangeError'{0x000000070eb8de20}: Found class java.lang.Object, but interface was expected> (0x000000070eb8de20) 
thrown [open/src/hotspot/share/interpreter/linkResolver.cpp, line 833]
Event: 0.523 Thread 0x000000014ca78800 Exception <a 'java/lang/NoSuchMethodError'{0x000000070e573878}: 'java.lang.Object java.lang.invoke.DirectMethodHandle$Holder.newInvokeSpecial(java.lang.Object, java.lang.Object, int)'> (0x000000070e573878) 
thrown [open/src/hotspot/share/interpreter/linkResolver.cpp, line 766]
Event: 0.568 Thread 0x000000014c866000 Exception <a 'java/lang/NoSuchMethodError'{0x000000070e269fd0}: 'int java.lang.invoke.DirectMethodHandle$Holder.invokeStaticInit(java.lang.Object, java.lang.Object)'> (0x000000070e269fd0) 
thrown [open/src/hotspot/share/interpreter/linkResolver.cpp, line 766]
Event: 1.487 Thread 0x000000014ca78800 Exception <a 'java/lang/NoSuchMethodError'{0x000000070df7ffe0}: 'long java.lang.invoke.DirectMethodHandle$Holder.invokeStatic(java.lang.Object, java.lang.Object)'> (0x000000070df7ffe0) 
thrown [open/src/hotspot/share/interpreter/linkResolver.cpp, line 766]
Event: 1.497 Thread 0x000000014ca78800 Exception <a 'java/lang/NoSuchMethodError'{0x000000070dc428c8}: 'java.lang.Object java.lang.invoke.DirectMethodHandle$Holder.newInvokeSpecial(java.lang.Object, java.lang.Object, int, int, int, int, int, java.lang.Object)'> (0x000000070dc428c8) 
thrown [open/src/hotspot/share/interpreter/linkResolver.cpp, line 766]
Event: 1.497 Thread 0x000000014ca78800 Exception <a 'java/lang/NoSuchMethodError'{0x000000070dc558a8}: 'java.lang.Object java.lang.invoke.DirectMethodHandle$Holder.newInvokeSpecial(java.lang.Object, java.lang.Object, java.lang.Object, int, int, int, int, int)'> (0x000000070dc558a8) 
thrown [open/src/hotspot/share/interpreter/linkResolver.cpp, line 766]
Event: 1.497 Thread 0x000000014ca78800 Exception <a 'java/lang/NoSuchMethodError'{0x000000070dc5d108}: 'java.lang.Object java.lang.invoke.Invokers$Holder.linkToTargetMethod(java.lang.Object, java.lang.Object, int, int, int, int, int, java.lang.Object)'> (0x000000070dc5d108) 
thrown [open/src/hotspot/share/interpreter/linkResolver.cpp, line 766]
Event: 1.507 Thread 0x000000014ca78800 Exception <a 'java/lang/NoSuchMethodError'{0x000000070dc752d0}: 'long java.lang.invoke.DirectMethodHandle$Holder.invokeStatic(java.lang.Object, java.lang.Object, java.lang.Object)'> (0x000000070dc752d0) 
thrown [open/src/hotspot/share/interpreter/linkResolver.cpp, line 766]
Event: 1.508 Thread 0x000000014ca78800 Exception <a 'java/lang/NoSuchMethodError'{0x000000070dc78a78}: 'long java.lang.invoke.DirectMethodHandle$Holder.invokeStaticInit(java.lang.Object, java.lang.Object, java.lang.Object)'> (0x000000070dc78a78) 
thrown [open/src/hotspot/share/interpreter/linkResolver.cpp, line 766]
Event: 1.508 Thread 0x000000014ca78800 Exception <a 'java/lang/NoSuchMethodError'{0x000000070dc90680}: 'java.lang.Object java.lang.invoke.DirectMethodHandle$Holder.newInvokeSpecial(java.lang.Object, java.lang.Object, long)'> (0x000000070dc90680) 
thrown [open/src/hotspot/share/interpreter/linkResolver.cpp, line 766]
Event: 1.509 Thread 0x000000014ca78800 Exception <a 'java/lang/NoSuchMethodError'{0x000000070dc93f48}: 'java.lang.Object java.lang.invoke.Invokers$Holder.linkToTargetMethod(java.lang.Object, long, java.lang.Object)'> (0x000000070dc93f48) 
thrown [open/src/hotspot/share/interpreter/linkResolver.cpp, line 766]

VM Operations (20 events):
Event: 0.071 Executing VM operation: HandshakeAllThreads
Event: 0.072 Executing VM operation: HandshakeAllThreads done
Event: 0.083 Executing VM operation: HandshakeAllThreads
Event: 0.083 Executing VM operation: HandshakeAllThreads done
Event: 0.280 Executing VM operation: G1CollectForAllocation
Event: 0.291 Executing VM operation: G1CollectForAllocation done
Event: 0.339 Executing VM operation: HandshakeAllThreads
Event: 0.339 Executing VM operation: HandshakeAllThreads done
Event: 0.356 Executing VM operation: HandshakeAllThreads
Event: 0.356 Executing VM operation: HandshakeAllThreads done
Event: 0.366 Executing VM operation: ICBufferFull
Event: 0.366 Executing VM operation: ICBufferFull done
Event: 0.432 Executing VM operation: ICBufferFull
Event: 0.433 Executing VM operation: ICBufferFull done
Event: 0.493 Executing VM operation: HandshakeAllThreads
Event: 0.493 Executing VM operation: HandshakeAllThreads done
Event: 1.488 Executing VM operation: HandshakeAllThreads
Event: 1.488 Executing VM operation: HandshakeAllThreads done
Event: 1.488 Executing VM operation: Cleanup
Event: 1.488 Executing VM operation: Cleanup done

Events (20 events):
Event: 1.488 loading class java/util/stream/Node$OfLong done
Event: 1.488 loading class java/util/stream/Nodes$EmptyNode$OfLong done
Event: 1.488 loading class java/util/stream/Nodes$EmptyNode$OfDouble
Event: 1.488 loading class java/util/stream/Node$OfDouble
Event: 1.488 loading class java/util/stream/Node$OfDouble done
Event: 1.488 loading class java/util/stream/Nodes$EmptyNode$OfDouble done
Event: 1.488 loading class java/util/stream/Nodes$LongFixedNodeBuilder
Event: 1.488 loading class java/util/stream/Node$Builder$OfLong
Event: 1.488 loading class java/util/stream/Node$Builder
Event: 1.488 loading class java/util/stream/Node$Builder done
Event: 1.488 loading class java/util/stream/Sink$OfLong
Event: 1.489 loading class java/util/stream/Sink$OfLong done
Event: 1.489 loading class java/util/stream/Node$Builder$OfLong done
Event: 1.489 loading class java/util/stream/Nodes$LongArrayNode
Event: 1.489 loading class java/util/stream/Nodes$LongArrayNode done
Event: 1.489 loading class java/util/stream/Nodes$LongFixedNodeBuilder done
Event: 1.489 loading class java/util/stream/ReferencePipeline$5$1
Event: 1.489 loading class java/util/stream/ReferencePipeline$5$1 done
Event: 1.507 Protecting memory [0x000000016e0d4000,0x000000016e0e0000] with protection modes 0
Event: 1.507 Thread 0x000000014ca94400 Thread added: 0x000000014ca94400


Dynamic libraries:
0x0000000104a00000 	/Users/collinkrueger/Library/Java/JavaVirtualMachines/openjdk-17.0.2/Contents/Home/lib/libjli.dylib
0x00000001af48d000 	/usr/lib/libz.1.dylib
0x00000001af53d000 	/usr/lib/libSystem.B.dylib
0x00000001af537000 	/usr/lib/system/libcache.dylib
0x00000001af4f5000 	/usr/lib/system/libcommonCrypto.dylib
0x00000001af51e000 	/usr/lib/system/libcompiler_rt.dylib
0x00000001af515000 	/usr/lib/system/libcopyfile.dylib
0x00000001a4876000 	/usr/lib/system/libcorecrypto.dylib
0x00000001a491b000 	/usr/lib/system/libdispatch.dylib
0x00000001a4ae3000 	/usr/lib/system/libdyld.dylib
0x00000001af52d000 	/usr/lib/system/libkeymgr.dylib
0x00000001af4d7000 	/usr/lib/system/libmacho.dylib
0x00000001aebd7000 	/usr/lib/system/libquarantine.dylib
0x00000001af52a000 	/usr/lib/system/libremovefile.dylib
0x00000001a9c75000 	/usr/lib/system/libsystem_asl.dylib
0x00000001a4820000 	/usr/lib/system/libsystem_blocks.dylib
0x00000001a49a1000 	/usr/lib/system/libsystem_c.dylib
0x00000001af522000 	/usr/lib/system/libsystem_collections.dylib
0x00000001ae096000 	/usr/lib/system/libsystem_configuration.dylib
0x00000001ad31a000 	/usr/lib/system/libsystem_containermanager.dylib
0x00000001af23e000 	/usr/lib/system/libsystem_coreservices.dylib
0x00000001a7207000 	/usr/lib/system/libsystem_darwin.dylib
0x00000001af52e000 	/usr/lib/system/libsystem_dnssd.dylib
0x00000001a499e000 	/usr/lib/system/libsystem_featureflags.dylib
0x00000001a4af8000 	/usr/lib/system/libsystem_info.dylib
0x00000001af49f000 	/usr/lib/system/libsystem_m.dylib
0x00000001a48f0000 	/usr/lib/system/libsystem_malloc.dylib
0x00000001a9c06000 	/usr/lib/system/libsystem_networkextension.dylib
0x00000001a765b000 	/usr/lib/system/libsystem_notify.dylib
0x00000001b5741000 	/usr/lib/system/libsystem_product_info_filter.dylib
0x00000001ae09b000 	/usr/lib/system/libsystem_sandbox.dylib
0x00000001af527000 	/usr/lib/system/libsystem_secinit.dylib
0x00000001a4aa0000 	/usr/lib/system/libsystem_kernel.dylib
0x00000001a4af0000 	/usr/lib/system/libsystem_platform.dylib
0x00000001a4ad6000 	/usr/lib/system/libsystem_pthread.dylib
0x00000001ab3b2000 	/usr/lib/system/libsystem_symptoms.dylib
0x00000001a485c000 	/usr/lib/system/libsystem_trace.dylib
0x00000001af502000 	/usr/lib/system/libunwind.dylib
0x00000001a4822000 	/usr/lib/system/libxpc.dylib
0x00000001a4a86000 	/usr/lib/libc++abi.dylib
0x00000001a4962000 	/usr/lib/libobjc.A.dylib
0x00000001af50d000 	/usr/lib/liboah.dylib
0x00000001a4a22000 	/usr/lib/libc++.1.dylib
0x00000001bb142000 	/System/Library/Frameworks/Cocoa.framework/Versions/A/Cocoa
0x00000001a76bb000 	/System/Library/Frameworks/AppKit.framework/Versions/C/AppKit
0x00000001aabf1000 	/System/Library/Frameworks/CoreData.framework/Versions/A/CoreData
0x00000001a5a18000 	/System/Library/Frameworks/Foundation.framework/Versions/C/Foundation
0x00000001a8572000 	/System/Library/PrivateFrameworks/UIFoundation.framework/Versions/A/UIFoundation
0x00000001b543b000 	/System/Library/PrivateFrameworks/RemoteViewServices.framework/Versions/A/RemoteViewServices
0x00000001ada54000 	/System/Library/PrivateFrameworks/XCTTargetBootstrap.framework/Versions/A/XCTTargetBootstrap
0x00000001b123e000 	/System/Library/PrivateFrameworks/InternationalSupport.framework/Versions/A/InternationalSupport
0x00000001b12c7000 	/System/Library/PrivateFrameworks/UserActivity.framework/Versions/A/UserActivity
0x00000001b076c000 	/usr/lib/libspindump.dylib
0x00000001a87e2000 	/System/Library/Frameworks/UniformTypeIdentifiers.framework/Versions/A/UniformTypeIdentifiers
0x00000001abfe1000 	/usr/lib/libapp_launch_measurement.dylib
0x00000001ab559000 	/System/Library/PrivateFrameworks/CoreAnalytics.framework/Versions/A/CoreAnalytics
0x00000001abfe4000 	/System/Library/PrivateFrameworks/CoreAutoLayout.framework/Versions/A/CoreAutoLayout
0x00000001ad357000 	/System/Library/Frameworks/Metal.framework/Versions/A/Metal
0x00000001ae0a6000 	/usr/lib/liblangid.dylib
0x00000001ada58000 	/System/Library/PrivateFrameworks/CoreSVG.framework/Versions/A/CoreSVG
0x00000001a9ca9000 	/System/Library/PrivateFrameworks/SkyLight.framework/Versions/A/SkyLight
0x00000001aa076000 	/System/Library/Frameworks/CoreGraphics.framework/Versions/A/CoreGraphics
0x00000001b5ab9000 	/System/Library/Frameworks/Accelerate.framework/Versions/A/Accelerate
0x00000001b01e0000 	/System/Library/PrivateFrameworks/IconServices.framework/Versions/A/IconServices
0x00000001ad339000 	/System/Library/Frameworks/IOSurface.framework/Versions/A/IOSurface
0x00000001ab589000 	/usr/lib/libDiagnosticMessagesClient.dylib
0x00000001b8f02000 	/System/Library/Frameworks/ApplicationServices.framework/Versions/A/ApplicationServices
0x00000001ada3c000 	/System/Library/PrivateFrameworks/DFRFoundation.framework/Versions/A/DFRFoundation
0x00000001a6f5c000 	/usr/lib/libicucore.A.dylib
0x00000001b203f000 	/System/Library/Frameworks/AudioToolbox.framework/Versions/A/AudioToolbox
0x00000001b124a000 	/System/Library/PrivateFrameworks/DataDetectorsCore.framework/Versions/A/DataDetectorsCore
0x00000001c7398000 	/System/Library/PrivateFrameworks/TextInput.framework/Versions/A/TextInput
0x00000001a9c20000 	/usr/lib/libMobileGestalt.dylib
0x00000001ad70c000 	/System/Library/Frameworks/Carbon.framework/Versions/A/Frameworks/HIToolbox.framework/Versions/A/HIToolbox
0x00000001ab9ea000 	/System/Library/Frameworks/QuartzCore.framework/Versions/A/QuartzCore
0x00000001a6bd9000 	/System/Library/Frameworks/Security.framework/Versions/A/Security
0x00000001b547b000 	/System/Library/Frameworks/Carbon.framework/Versions/A/Frameworks/SpeechRecognition.framework/Versions/A/SpeechRecognition
0x00000001abd38000 	/System/Library/PrivateFrameworks/CoreUI.framework/Versions/A/CoreUI
0x00000001a64aa000 	/System/Library/Frameworks/CoreAudio.framework/Versions/A/CoreAudio
0x00000001ab67d000 	/System/Library/Frameworks/DiskArbitration.framework/Versions/A/DiskArbitration
0x00000001b0b51000 	/System/Library/PrivateFrameworks/MultitouchSupport.framework/Versions/A/MultitouchSupport
0x00000001a9c1e000 	/usr/lib/libenergytrace.dylib
0x00000001a7585000 	/System/Library/Frameworks/IOKit.framework/Versions/A/IOKit
0x00000001b5864000 	/System/Library/Frameworks/CoreServices.framework/Versions/A/CoreServices
0x00000001abf71000 	/System/Library/PrivateFrameworks/PerformanceAnalysis.framework/Versions/A/PerformanceAnalysis
0x0000000205f45000 	/System/Library/Frameworks/OpenGL.framework/Versions/A/OpenGL
0x00000001aeaf7000 	/System/Library/PrivateFrameworks/MobileKeyBag.framework/Versions/A/MobileKeyBag
0x00000001aa686000 	/System/Library/Frameworks/ColorSync.framework/Versions/A/ColorSync
0x00000001a4b24000 	/System/Library/Frameworks/CoreFoundation.framework/Versions/A/CoreFoundation
0x00000001adcd9000 	/System/Library/Frameworks/CoreImage.framework/Versions/A/CoreImage
0x00000001a62cd000 	/System/Library/Frameworks/CoreText.framework/Versions/A/CoreText
0x00000001ada88000 	/System/Library/Frameworks/ImageIO.framework/Versions/A/ImageIO
0x00000001af543000 	/System/Library/PrivateFrameworks/SoftLinking.framework/Versions/A/SoftLinking
0x00000001ac02e000 	/usr/lib/libxml2.2.dylib
0x00000001af7dc000 	/usr/lib/libcompression.dylib
0x00000001b1197000 	/System/Library/PrivateFrameworks/TextureIO.framework/Versions/A/TextureIO
0x00000001afefa000 	/usr/lib/libate.dylib
0x00000001afdc2000 	/usr/lib/liblzma.5.dylib
0x00000001a570c000 	/System/Library/Frameworks/SystemConfiguration.framework/Versions/A/SystemConfiguration
0x00000001af53f000 	/usr/lib/libfakelink.dylib
0x00000001a974d000 	/System/Library/Frameworks/CFNetwork.framework/Versions/A/CFNetwork
0x00000001af686000 	/usr/lib/libarchive.2.dylib
0x00000001ae0a2000 	/System/Library/PrivateFrameworks/AppleSystemInfo.framework/Versions/A/AppleSystemInfo
0x00000001aec02000 	/usr/lib/libbsm.0.dylib
0x00000001a8c85000 	/usr/lib/libnetwork.dylib
0x00000001af4dd000 	/usr/lib/system/libkxld.dylib
0x00000001ae819000 	/System/Library/PrivateFrameworks/IOMobileFramebuffer.framework/Versions/A/IOMobileFramebuffer
0x0000000221d76000 	/usr/lib/libCoreEntitlements.dylib
0x00000001af220000 	/System/Library/PrivateFrameworks/AppleFSCompression.framework/Versions/A/AppleFSCompression
0x00000001aebea000 	/usr/lib/libcoretls.dylib
0x00000001afddb000 	/usr/lib/libcoretls_cfhelpers.dylib
0x00000001af7d7000 	/usr/lib/libpam.2.dylib
0x00000001aafda000 	/usr/lib/libsqlite3.dylib
0x00000001afe43000 	/usr/lib/libxar.1.dylib
0x00000001af231000 	/usr/lib/libbz2.1.0.dylib
0x00000001af544000 	/usr/lib/libpcap.A.dylib
0x00000001ab3a9000 	/usr/lib/libdns_services.dylib
0x00000001af7aa000 	/usr/lib/libapple_nghttp2.dylib
0x00000001af581000 	/usr/lib/libiconv.2.dylib
0x00000001af4d6000 	/usr/lib/libcharset.1.dylib
0x00000001abfad000 	/System/Library/Frameworks/CoreServices.framework/Versions/A/Frameworks/FSEvents.framework/Versions/A/FSEvents
0x00000001a7212000 	/System/Library/Frameworks/CoreServices.framework/Versions/A/Frameworks/CarbonCore.framework/Versions/A/CarbonCore
0x00000001ab5e0000 	/System/Library/Frameworks/CoreServices.framework/Versions/A/Frameworks/Metadata.framework/Versions/A/Metadata
0x00000001af244000 	/System/Library/Frameworks/CoreServices.framework/Versions/A/Frameworks/OSServices.framework/Versions/A/OSServices
0x00000001af70c000 	/System/Library/Frameworks/CoreServices.framework/Versions/A/Frameworks/SearchKit.framework/Versions/A/SearchKit
0x00000001ab337000 	/System/Library/Frameworks/CoreServices.framework/Versions/A/Frameworks/AE.framework/Versions/A/AE
0x00000001a5068000 	/System/Library/Frameworks/CoreServices.framework/Versions/A/Frameworks/LaunchServices.framework/Versions/A/LaunchServices
0x00000001afd6b000 	/System/Library/Frameworks/CoreServices.framework/Versions/A/Frameworks/DictionaryServices.framework/Versions/A/DictionaryServices
0x00000001abfba000 	/System/Library/Frameworks/CoreServices.framework/Versions/A/Frameworks/SharedFileList.framework/Versions/A/SharedFileList
0x00000001aebda000 	/usr/lib/libCheckFix.dylib
0x00000001a9c8d000 	/System/Library/PrivateFrameworks/TCC.framework/Versions/A/TCC
0x00000001ae0a8000 	/System/Library/PrivateFrameworks/CoreNLP.framework/Versions/A/CoreNLP
0x00000001ab58c000 	/System/Library/PrivateFrameworks/MetadataUtilities.framework/Versions/A/MetadataUtilities
0x00000001a57c5000 	/usr/lib/libmecabra.dylib
0x00000001aec13000 	/usr/lib/libmecab.dylib
0x00000001a5791000 	/usr/lib/libCRFSuite.dylib
0x00000001aec71000 	/usr/lib/libgermantok.dylib
0x00000001af783000 	/usr/lib/libThaiTokenizer.dylib
0x00000001ab685000 	/System/Library/Frameworks/Accelerate.framework/Versions/A/Frameworks/vImage.framework/Versions/A/vImage
0x00000001b583b000 	/System/Library/Frameworks/Accelerate.framework/Versions/A/Frameworks/vecLib.framework/Versions/A/vecLib
0x00000001afe87000 	/System/Library/Frameworks/Accelerate.framework/Versions/A/Frameworks/vecLib.framework/Versions/A/libvMisc.dylib
0x00000001ae723000 	/System/Library/Frameworks/Accelerate.framework/Versions/A/Frameworks/vecLib.framework/Versions/A/libvDSP.dylib
0x00000001a53eb000 	/System/Library/Frameworks/Accelerate.framework/Versions/A/Frameworks/vecLib.framework/Versions/A/libBLAS.dylib
0x00000001af8ab000 	/System/Library/Frameworks/Accelerate.framework/Versions/A/Frameworks/vecLib.framework/Versions/A/libLAPACK.dylib
0x00000001aec74000 	/System/Library/Frameworks/Accelerate.framework/Versions/A/Frameworks/vecLib.framework/Versions/A/libLinearAlgebra.dylib
0x00000001af7c2000 	/System/Library/Frameworks/Accelerate.framework/Versions/A/Frameworks/vecLib.framework/Versions/A/libSparseBLAS.dylib
0x00000001af8a6000 	/System/Library/Frameworks/Accelerate.framework/Versions/A/Frameworks/vecLib.framework/Versions/A/libQuadrature.dylib
0x00000001ae19f000 	/System/Library/Frameworks/Accelerate.framework/Versions/A/Frameworks/vecLib.framework/Versions/A/libBNNS.dylib
0x00000001a56a9000 	/System/Library/Frameworks/Accelerate.framework/Versions/A/Frameworks/vecLib.framework/Versions/A/libSparse.dylib
0x00000001ae197000 	/System/Library/PrivateFrameworks/LinguisticData.framework/Versions/A/LinguisticData
0x00000001a565f000 	/System/Library/PrivateFrameworks/Lexicon.framework/Versions/A/Lexicon
0x00000001afe7f000 	/usr/lib/libChineseTokenizer.dylib
0x00000001a5e06000 	/System/Library/PrivateFrameworks/LanguageModeling.framework/Versions/A/LanguageModeling
0x00000001af785000 	/System/Library/PrivateFrameworks/AppleSauce.framework/Versions/A/AppleSauce
0x00000001ae806000 	/System/Library/PrivateFrameworks/CoreEmoji.framework/Versions/A/CoreEmoji
0x00000001af674000 	/usr/lib/libcmph.dylib
0x00000001abf8d000 	/System/Library/Frameworks/OpenDirectory.framework/Versions/A/Frameworks/CFOpenDirectory.framework/Versions/A/CFOpenDirectory
0x00000001abf7d000 	/System/Library/Frameworks/OpenDirectory.framework/Versions/A/OpenDirectory
0x00000001afddd000 	/System/Library/PrivateFrameworks/APFS.framework/Versions/A/APFS
0x00000001aeb32000 	/System/Library/Frameworks/SecurityFoundation.framework/Versions/A/SecurityFoundation
0x00000001afe51000 	/usr/lib/libutil.dylib
0x00000001a7547000 	/System/Library/PrivateFrameworks/CoreServicesStore.framework/Versions/A/CoreServicesStore
0x00000001afe55000 	/usr/lib/libxslt.1.dylib
0x00000001aebc6000 	/System/Library/PrivateFrameworks/BackgroundTaskManagement.framework/Versions/A/BackgroundTaskManagement
0x00000001b10b8000 	/System/Library/Frameworks/ImageIO.framework/Versions/A/Resources/libRadiance.dylib
0x00000001b10c1000 	/System/Library/Frameworks/ImageIO.framework/Versions/A/Resources/libJPEG.dylib
0x00000001b1013000 	/System/Library/Frameworks/ImageIO.framework/Versions/A/Resources/libPng.dylib
0x00000001b1035000 	/System/Library/Frameworks/ImageIO.framework/Versions/A/Resources/libTIFF.dylib
0x00000001b111c000 	/System/Library/Frameworks/ImageIO.framework/Versions/A/Resources/libGIF.dylib
0x00000001b0a61000 	/System/Library/Frameworks/ImageIO.framework/Versions/A/Resources/libJP2.dylib
0x00000001b01a6000 	/usr/lib/libexpat.1.dylib
0x00000001b0a1c000 	/System/Library/PrivateFrameworks/AppleJPEG.framework/Versions/A/AppleJPEG
0x00000001ad5cb000 	/System/Library/PrivateFrameworks/FontServices.framework/libFontParser.dylib
0x00000001ab2dc000 	/System/Library/PrivateFrameworks/RunningBoardServices.framework/Versions/A/RunningBoardServices
0x00000001bb7b8000 	/System/Library/PrivateFrameworks/IOSurfaceAccelerator.framework/Versions/A/IOSurfaceAccelerator
0x00000001b0b4d000 	/System/Library/PrivateFrameworks/WatchdogClient.framework/Versions/A/WatchdogClient
0x00000001a5f0a000 	/System/Library/Frameworks/CoreDisplay.framework/Versions/A/CoreDisplay
0x00000001ad4b9000 	/System/Library/Frameworks/CoreMedia.framework/Versions/A/CoreMedia
0x00000001ad34d000 	/System/Library/PrivateFrameworks/IOAccelerator.framework/Versions/A/IOAccelerator
0x00000001ac11b000 	/System/Library/Frameworks/CoreVideo.framework/Versions/A/CoreVideo
0x00000001af7d5000 	/System/Library/Frameworks/MetalPerformanceShaders.framework/Versions/A/MetalPerformanceShaders
0x00000001b0b8a000 	/System/Library/Frameworks/VideoToolbox.framework/Versions/A/VideoToolbox
0x00000001ab220000 	/System/Library/PrivateFrameworks/BaseBoard.framework/Versions/A/BaseBoard
0x00000001aafbf000 	/System/Library/PrivateFrameworks/ProtocolBuffer.framework/Versions/A/ProtocolBuffer
0x00000001b10b3000 	/System/Library/PrivateFrameworks/GPUWrangler.framework/Versions/A/GPUWrangler
0x00000001b1092000 	/System/Library/PrivateFrameworks/IOPresentment.framework/Versions/A/IOPresentment
0x00000001b10bb000 	/System/Library/PrivateFrameworks/DSExternalDisplay.framework/Versions/A/DSExternalDisplay
0x0000000205f38000 	/System/Library/Frameworks/OpenGL.framework/Versions/A/Libraries/libCoreFSCache.dylib
0x000000020f723000 	/System/Library/PrivateFrameworks/GPUCompiler.framework/Versions/31001/Libraries/libGPUCompilerUtils.dylib
0x00000001b1121000 	/System/Library/PrivateFrameworks/CMCaptureCore.framework/Versions/A/CMCaptureCore
0x00000001b075a000 	/System/Library/PrivateFrameworks/AppServerSupport.framework/Versions/A/AppServerSupport
0x00000001b28fa000 	/System/Library/PrivateFrameworks/perfdata.framework/Versions/A/perfdata
0x00000001a602a000 	/System/Library/PrivateFrameworks/AudioToolboxCore.framework/Versions/A/AudioToolboxCore
0x00000001ad491000 	/System/Library/PrivateFrameworks/caulk.framework/Versions/A/caulk
0x00000001b21ef000 	/usr/lib/libAudioStatistics.dylib
0x00000001c3b0c000 	/System/Library/PrivateFrameworks/SystemPolicy.framework/Versions/A/SystemPolicy
0x00000001b244f000 	/usr/lib/libSMC.dylib
0x00000001bb024000 	/System/Library/Frameworks/CoreMIDI.framework/Versions/A/CoreMIDI
0x00000001b0fe1000 	/usr/lib/libAudioToolboxUtility.dylib
0x00000001bff39000 	/System/Library/PrivateFrameworks/OSAServicesClient.framework/Versions/A/OSAServicesClient
0x00000001b2907000 	/usr/lib/libperfcheck.dylib
0x00000001c4613000 	/usr/lib/libmis.dylib
0x0000000205f99000 	/System/Library/Frameworks/OpenGL.framework/Versions/A/Libraries/libGLU.dylib
0x0000000205f58000 	/System/Library/Frameworks/OpenGL.framework/Versions/A/Libraries/libGFXShared.dylib
0x0000000206142000 	/System/Library/Frameworks/OpenGL.framework/Versions/A/Libraries/libGL.dylib
0x0000000205f61000 	/System/Library/Frameworks/OpenGL.framework/Versions/A/Libraries/libGLImage.dylib
0x0000000205f55000 	/System/Library/Frameworks/OpenGL.framework/Versions/A/Libraries/libCVMSPluginSupport.dylib
0x0000000205f3f000 	/System/Library/Frameworks/OpenGL.framework/Versions/A/Libraries/libCoreVMClient.dylib
0x00000001ae023000 	/System/Library/Frameworks/MetalPerformanceShaders.framework/Versions/A/Frameworks/MPSCore.framework/Versions/A/MPSCore
0x00000001af193000 	/System/Library/Frameworks/MetalPerformanceShaders.framework/Versions/A/Frameworks/MPSImage.framework/Versions/A/MPSImage
0x00000001aec89000 	/System/Library/Frameworks/MetalPerformanceShaders.framework/Versions/A/Frameworks/MPSNeuralNetwork.framework/Versions/A/MPSNeuralNetwork
0x00000001af0c6000 	/System/Library/Frameworks/MetalPerformanceShaders.framework/Versions/A/Frameworks/MPSMatrix.framework/Versions/A/MPSMatrix
0x00000001aeea1000 	/System/Library/Frameworks/MetalPerformanceShaders.framework/Versions/A/Frameworks/MPSRayIntersector.framework/Versions/A/MPSRayIntersector
0x00000001af0f7000 	/System/Library/Frameworks/MetalPerformanceShaders.framework/Versions/A/Frameworks/MPSNDArray.framework/Versions/A/MPSNDArray
0x0000000207c70000 	/System/Library/Frameworks/MetalPerformanceShaders.framework/Versions/A/Frameworks/MPSFunctions.framework/Versions/A/MPSFunctions
0x00000001a52c9000 	/System/Library/PrivateFrameworks/MetalTools.framework/Versions/A/MetalTools
0x00000001ae0a0000 	/System/Library/PrivateFrameworks/AggregateDictionary.framework/Versions/A/AggregateDictionary
0x00000001aff8c000 	/usr/lib/libIOReport.dylib
0x00000001ba00b000 	/System/Library/PrivateFrameworks/ASEProcessing.framework/Versions/A/ASEProcessing
0x00000001b02ff000 	/System/Library/PrivateFrameworks/FaceCore.framework/Versions/A/FaceCore
0x00000001b02f1000 	/System/Library/PrivateFrameworks/GraphVisualizer.framework/Versions/A/GraphVisualizer
0x000000020f63a000 	/System/Library/PrivateFrameworks/FontServices.framework/Versions/A/FontServices
0x00000001b0714000 	/System/Library/PrivateFrameworks/OTSVG.framework/Versions/A/OTSVG
0x00000001abce9000 	/System/Library/Frameworks/ApplicationServices.framework/Versions/A/Frameworks/ATS.framework/Versions/A/Resources/libFontRegistry.dylib
0x00000001b0763000 	/System/Library/PrivateFrameworks/FontServices.framework/libhvf.dylib
0x000000020f63b000 	/System/Library/PrivateFrameworks/FontServices.framework/libXTFontStaticRegistryData.dylib
0x00000002062e4000 	/System/Library/Frameworks/OpenCL.framework/Versions/A/OpenCL
0x00000001b015a000 	/System/Library/PrivateFrameworks/AppleVA.framework/Versions/A/AppleVA
0x00000001b2217000 	/System/Library/Frameworks/ApplicationServices.framework/Versions/A/Frameworks/ATS.framework/Versions/A/ATS
0x00000001aa783000 	/System/Library/Frameworks/ApplicationServices.framework/Versions/A/Frameworks/HIServices.framework/Versions/A/HIServices
0x00000001b112b000 	/System/Library/Frameworks/ApplicationServices.framework/Versions/A/Frameworks/PrintCore.framework/Versions/A/PrintCore
0x00000001b25a2000 	/System/Library/Frameworks/ApplicationServices.framework/Versions/A/Frameworks/QD.framework/Versions/A/QD
0x00000001b259a000 	/System/Library/Frameworks/ApplicationServices.framework/Versions/A/Frameworks/ColorSyncLegacy.framework/Versions/A/ColorSyncLegacy
0x00000001b2203000 	/System/Library/Frameworks/ApplicationServices.framework/Versions/A/Frameworks/SpeechSynthesis.framework/Versions/A/SpeechSynthesis
0x00000001b10ec000 	/System/Library/Frameworks/ApplicationServices.framework/Versions/A/Frameworks/ATSUI.framework/Versions/A/ATSUI
0x00000001b252f000 	/usr/lib/libcups.2.dylib
0x00000001b2915000 	/System/Library/Frameworks/Kerberos.framework/Versions/A/Kerberos
0x00000001b2926000 	/System/Library/Frameworks/GSS.framework/Versions/A/GSS
0x00000001b2286000 	/usr/lib/libresolv.9.dylib
0x00000001b0771000 	/System/Library/PrivateFrameworks/Heimdal.framework/Versions/A/Heimdal
0x00000001b927a000 	/System/Library/Frameworks/Kerberos.framework/Versions/A/Libraries/libHeimdalProxy.dylib
0x00000001ab3bb000 	/System/Library/Frameworks/Network.framework/Versions/A/Network
0x00000001b01c1000 	/usr/lib/libheimdal-asn1.dylib
0x00000001b296c000 	/System/Library/PrivateFrameworks/CommonAuth.framework/Versions/A/CommonAuth
0x00000001b217d000 	/System/Library/PrivateFrameworks/AudioSession.framework/Versions/A/AudioSession
0x00000001b0252000 	/System/Library/PrivateFrameworks/MediaExperience.framework/Versions/A/MediaExperience
0x00000001b2005000 	/System/Library/PrivateFrameworks/AudioSession.framework/libSessionUtility.dylib
0x00000001b25ae000 	/System/Library/PrivateFrameworks/AudioResourceArbitration.framework/Versions/A/AudioResourceArbitration
0x00000001b66b9000 	/System/Library/PrivateFrameworks/PowerLog.framework/Versions/A/PowerLog
0x00000001b01ca000 	/System/Library/PrivateFrameworks/IconFoundation.framework/Versions/A/IconFoundation
0x00000001b5467000 	/System/Library/PrivateFrameworks/SpeechRecognitionCore.framework/Versions/A/SpeechRecognitionCore
0x0000000105b64000 	/Users/collinkrueger/Library/Java/JavaVirtualMachines/openjdk-17.0.2/Contents/Home/lib/server/libjvm.dylib
0x0000000104a64000 	/Users/collinkrueger/Library/Java/JavaVirtualMachines/openjdk-17.0.2/Contents/Home/lib/libjimage.dylib
0x0000000104c58000 	/Users/collinkrueger/Library/Java/JavaVirtualMachines/openjdk-17.0.2/Contents/Home/lib/libinstrument.dylib
0x0000000104ca4000 	/Users/collinkrueger/Library/Java/JavaVirtualMachines/openjdk-17.0.2/Contents/Home/lib/libjava.dylib
0x0000000105758000 	/Users/collinkrueger/Library/Java/JavaVirtualMachines/openjdk-17.0.2/Contents/Home/lib/libnio.dylib
0x0000000105778000 	/Users/collinkrueger/Library/Java/JavaVirtualMachines/openjdk-17.0.2/Contents/Home/lib/libnet.dylib
0x0000000104c88000 	/Users/collinkrueger/Library/Java/JavaVirtualMachines/openjdk-17.0.2/Contents/Home/lib/libzip.dylib
0x000000010579c000 	/Users/collinkrueger/.openjfx/cache/17.0.1/libprism_es2.dylib
0x00000001a750a000 	/System/Library/PrivateFrameworks/CoreServicesInternal.framework/Versions/A/CoreServicesInternal
0x000000020614c000 	/System/Library/Frameworks/OpenGL.framework/Versions/A/Resources/GLEngine.bundle/GLEngine
0x0000000205fd3000 	/System/Library/Frameworks/OpenGL.framework/Versions/A/Libraries/libGLProgrammability.dylib
0x00000001282d4000 	/System/Library/Extensions/AppleMetalOpenGLRenderer.bundle/Contents/MacOS/AppleMetalOpenGLRenderer
0x00000002062bb000 	/System/Library/Frameworks/OpenGL.framework/Versions/A/Resources/GLRendererFloat.bundle/GLRendererFloat
0x00000001ea154000 	/System/Library/Extensions/AGXMetalG13X.bundle/Contents/MacOS/AGXMetalG13X
0x00000001c462f000 	/System/Library/PrivateFrameworks/GPURawCounter.framework/Versions/A/GPURawCounter
0x00000001bf0bd000 	/System/Library/PrivateFrameworks/IOGPU.framework/Versions/A/IOGPU
0x0000000128c64000 	/Users/collinkrueger/.openjfx/cache/17.0.1/libglass.dylib
0x00000001b690d000 	/System/Library/Frameworks/FileProvider.framework/Versions/A/FileProvider
0x00000001ab188000 	/System/Library/Frameworks/Accounts.framework/Versions/A/Accounts
0x00000001b6a8d000 	/System/Library/PrivateFrameworks/GenerationalStorage.framework/Versions/A/GenerationalStorage
0x00000001b7643000 	/System/Library/PrivateFrameworks/CoreSymbolication.framework/Versions/A/CoreSymbolication
0x00000001b66ad000 	/System/Library/PrivateFrameworks/SymptomDiagnosticReporter.framework/Versions/A/SymptomDiagnosticReporter
0x00000001a87f6000 	/System/Library/PrivateFrameworks/DesktopServicesPriv.framework/Versions/A/DesktopServicesPriv
0x00000001a766a000 	/usr/lib/libsandbox.1.dylib
0x00000001ac1a8000 	/System/Library/PrivateFrameworks/UserManagement.framework/Versions/A/UserManagement
0x00000001b7604000 	/System/Library/PrivateFrameworks/DebugSymbols.framework/Versions/A/DebugSymbols
0x00000001b258d000 	/System/Library/PrivateFrameworks/NetAuth.framework/Versions/A/NetAuth
0x00000001b3490000 	/System/Library/PrivateFrameworks/Sharing.framework/Versions/A/Sharing
0x00000001ac178000 	/System/Library/PrivateFrameworks/login.framework/Versions/A/Frameworks/loginsupport.framework/Versions/A/loginsupport
0x00000001b87bc000 	/System/Library/PrivateFrameworks/Apple80211.framework/Versions/A/Apple80211
0x00000001af277000 	/System/Library/PrivateFrameworks/AuthKit.framework/Versions/A/AuthKit
0x00000001ae905000 	/System/Library/PrivateFrameworks/CoreUtils.framework/Versions/A/CoreUtils
0x00000001ae825000 	/System/Library/Frameworks/CoreWLAN.framework/Versions/A/CoreWLAN
0x00000001b35fa000 	/System/Library/Frameworks/IOBluetooth.framework/Versions/A/IOBluetooth
0x00000001b881c000 	/System/Library/PrivateFrameworks/CoreWiFi.framework/Versions/A/CoreWiFi
0x00000001b71eb000 	/System/Library/PrivateFrameworks/FrontBoardServices.framework/Versions/A/FrontBoardServices
0x00000001b7283000 	/System/Library/PrivateFrameworks/BoardServices.framework/Versions/A/BoardServices
0x00000001aeb20000 	/System/Library/PrivateFrameworks/AssertionServices.framework/Versions/A/AssertionServices
0x00000001b898a000 	/System/Library/PrivateFrameworks/BackBoardServices.framework/Versions/A/BackBoardServices
0x00000001b29ff000 	/System/Library/PrivateFrameworks/CorePhoneNumbers.framework/Versions/A/CorePhoneNumbers
0x00000001b67dd000 	/System/Library/PrivateFrameworks/DiskManagement.framework/Versions/A/DiskManagement
0x00000001b66e0000 	/System/Library/PrivateFrameworks/AppleIDAuthSupport.framework/Versions/A/AppleIDAuthSupport
0x0000000209f5a000 	/System/Library/PrivateFrameworks/AAAFoundation.framework/Versions/A/AAAFoundation
0x00000001b29de000 	/System/Library/PrivateFrameworks/KeychainCircle.framework/Versions/A/KeychainCircle
0x00000001b67a9000 	/System/Library/PrivateFrameworks/MediaKit.framework/Versions/A/MediaKit
0x00000001b66ed000 	/System/Library/Frameworks/DiscRecording.framework/Versions/A/DiscRecording
0x00000001b00d6000 	/usr/lib/libCoreStorage.dylib
0x00000001b8c86000 	/usr/lib/libcsfde.dylib
0x00000001b36cf000 	/System/Library/PrivateFrameworks/ProtectedCloudStorage.framework/Versions/A/ProtectedCloudStorage
0x00000001b8c7e000 	/System/Library/PrivateFrameworks/EFILogin.framework/Versions/A/EFILogin
0x00000001b6ab4000 	/System/Library/PrivateFrameworks/OctagonTrust.framework/Versions/A/OctagonTrust
0x000000020e886000 	/System/Library/PrivateFrameworks/CoreUtilsExtras.framework/Versions/A/CoreUtilsExtras
0x00000001b6622000 	/System/Library/Frameworks/CoreBluetooth.framework/Versions/A/CoreBluetooth
0x00000001b92ff000 	/System/Library/Frameworks/AudioUnit.framework/Versions/A/AudioUnit
0x00000001b00ce000 	/usr/lib/libMatch.1.dylib
0x00000001c8925000 	/System/Library/Frameworks/Accelerate.framework/Versions/A/Frameworks/vImage.framework/Versions/A/Libraries/libCGInterfaces.dylib
0x0000000128fb8000 	/usr/lib/libobjc-trampolines.dylib
0x00000001abe75000 	/System/Library/PrivateFrameworks/ViewBridge.framework/Versions/A/ViewBridge
0x00000001aff95000 	/System/Library/PrivateFrameworks/CrashReporterSupport.framework/Versions/A/CrashReporterSupport
0x00000001d02ee000 	/System/Library/PrivateFrameworks/OSAnalytics.framework/Versions/A/OSAnalytics
0x00000001db32f000 	/System/Library/PrivateFrameworks/Symbolication.framework/Versions/A/Symbolication
0x00000001c45f0000 	/System/Library/PrivateFrameworks/MallocStackLogging.framework/Versions/A/MallocStackLogging
0x000000012ebb4000 	/Users/collinkrueger/.openjfx/cache/17.0.1/libjavafx_font.dylib
0x00000001b081f000 	/System/Library/PrivateFrameworks/login.framework/Versions/A/login
0x0000000221ef0000 	/usr/lib/libRosetta.dylib
0x000000020a5f9000 	/System/Library/PrivateFrameworks/AccessibilityBundles.framework/Versions/A/AccessibilityBundles


VM Arguments:
jvm_args: -Djava.library.path=/Users/collinkrueger/Downloads/javafx-sdk-18/lib -javaagent:/Applications/IntelliJ IDEA CE.app/Contents/lib/idea_rt.jar=52071:/Applications/IntelliJ IDEA CE.app/Contents/bin -Dfile.encoding=UTF-8 --module-path=/Users/collinkrueger/.m2/repository/org/kordamp/bootstrapfx/bootstrapfx-core/0.4.0/bootstrapfx-core-0.4.0.jar:/Users/collinkrueger/.m2/repository/net/synedra/validatorfx/0.1.13/validatorfx-0.1.13.jar:/Users/collinkrueger/.m2/repository/org/openjfx/javafx-web/17.0.1/javafx-web-17.0.1-mac-aarch64.jar:/Users/collinkrueger/Downloads/javafx-sdk-18/lib/javafx.web.jar:/Users/collinkrueger/.m2/repository/org/openjfx/javafx-media/17.0.1/javafx-media-17.0.1-mac-aarch64.jar:/Users/collinkrueger/Downloads/javafx-sdk-18/lib/javafx.media.jar:/Users/collinkrueger/.m2/repository/org/openjfx/javafx-controls/17.0.1/javafx-controls-17.0.1-mac-aarch64.jar:/Users/collinkrueger/Downloads/javafx-sdk-18/lib/javafx.controls.jar:/Users/collinkrueger/.m2/repository/org/openjfx/javafx-base/17.0.1/javafx-base-17.0.1-mac-aarch64.jar:/Users/collinkrueger/Downloads/javafx-sdk-18/lib/javafx.base.jar:/Users/collinkrueger/.m2/repository/org/openjfx/javafx-fxml/17.0.1/javafx-fxml-17.0.1-mac-aarch64.jar:/Users/collinkrueger/Downloads/javafx-sdk-18/lib/javafx.fxml.jar:/Users/collinkrueger/.m2/repository/org/controlsfx/controlsfx/11.1.0/controlsfx-11.1.0.jar:/Users/collinkrueger/.m2/repository/org/openjfx/javafx-graphics/17.0.1/javafx-graphics-17.0.1-mac-aarch64.jar:/Users/collinkrueger/Downloads/javafx-sdk-18/lib/javafx.graphics.jar:/Users/collinkrueger/.m2/repository/com/dlsc/formsfx/formsfx-core/11.3.2/formsfx-core-11.3.2.jar:/Users/collinkrueger/.m2/repository/org/kordamp/ikonli/ikonli-javafx/12.2.0/ikonli-javafx-12.2.0.jar:/Users/collinkrueger/.m2/repository/org/kordamp/ikonli/ikonli-core/12.2.0/ikonli-core-12.2.0.jar:/Users/collinkrueger/.m2/repository/eu/hansolo/tilesfx/11.48/tilesfx-11.48.jar:/Users/collinkrueger/Documents/GitHub/JavaFXOrSwingProject/target/classes -Djdk.module.main=com.example.hackathonjavafx 
java_command: com.example.hackathonjavafx/com.example.hackathonjavafx.HelloApplication
java_class_path (initial): /Users/collinkrueger/.m2/repository/org/openjfx/javafx-controls/17.0.1/javafx-controls-17.0.1.jar:/Users/collinkrueger/.m2/repository/org/openjfx/javafx-graphics/17.0.1/javafx-graphics-17.0.1.jar:/Users/collinkrueger/.m2/repository/org/openjfx/javafx-base/17.0.1/javafx-base-17.0.1.jar:/Users/collinkrueger/.m2/repository/org/openjfx/javafx-fxml/17.0.1/javafx-fxml-17.0.1.jar:/Users/collinkrueger/.m2/repository/org/openjfx/javafx-web/17.0.1/javafx-web-17.0.1.jar:/Users/collinkrueger/.m2/repository/org/openjfx/javafx-media/17.0.1/javafx-media-17.0.1.jar:/Users/collinkrueger/Downloads/javafx-sdk-18/lib/javafx-swt.jar:/Users/collinkrueger/Downloads/javafx-sdk-18/lib/javafx.swing.jar
Launcher Type: SUN_STANDARD

[Global flags]
     intx CICompilerCount                          = 4                                         {product} {ergonomic}
     uint ConcGCThreads                            = 2                                         {product} {ergonomic}
     uint G1ConcRefinementThreads                  = 8                                         {product} {ergonomic}
   size_t G1HeapRegionSize                         = 2097152                                   {product} {ergonomic}
    uintx GCDrainStackTargetSize                   = 64                                        {product} {ergonomic}
   size_t InitialHeapSize                          = 268435456                                 {product} {ergonomic}
   size_t MarkStackSize                            = 4194304                                   {product} {ergonomic}
   size_t MaxHeapSize                              = 4294967296                                {product} {ergonomic}
   size_t MaxNewSize                               = 2575302656                                {product} {ergonomic}
   size_t MinHeapDeltaBytes                        = 2097152                                   {product} {ergonomic}
   size_t MinHeapSize                              = 8388608                                   {product} {ergonomic}
    uintx NonNMethodCodeHeapSize                   = 5839564                                {pd product} {ergonomic}
    uintx NonProfiledCodeHeapSize                  = 122909338                              {pd product} {ergonomic}
    uintx ProfiledCodeHeapSize                     = 122909338                              {pd product} {ergonomic}
    uintx ReservedCodeCacheSize                    = 251658240                              {pd product} {ergonomic}
     bool SegmentedCodeCache                       = true                                      {product} {ergonomic}
   size_t SoftMaxHeapSize                          = 4294967296                             {manageable} {ergonomic}
     bool UseCompressedClassPointers               = true                           {product lp64_product} {ergonomic}
     bool UseCompressedOops                        = true                           {product lp64_product} {ergonomic}
     bool UseG1GC                                  = true                                      {product} {ergonomic}
     bool UseNUMA                                  = false                                     {product} {ergonomic}
     bool UseNUMAInterleaving                      = false                                     {product} {ergonomic}

Logging:
Log output configuration:
 #0: stdout all=warning uptime,level,tags
 #1: stderr all=off uptime,level,tags

Environment Variables:
PATH=/Library/Frameworks/Python.framework/Versions/3.10/bin:/usr/local/bin:/usr/bin:/bin:/usr/sbin:/sbin:/Library/Apple/usr/bin:/Library/Frameworks/Mono.framework/Versions/Current/Commands
SHELL=/bin/zsh
LC_CTYPE=en_US.UTF-8

Signal Handlers:
   SIGSEGV: _ZL13crash_handleriP9__siginfoPv in libjvm.dylib, mask=11100110000111110111111111111111, flags=SA_RESTART|SA_SIGINFO
    SIGBUS: _ZL13crash_handleriP9__siginfoPv in libjvm.dylib, mask=11100110000111110111111111111111, flags=SA_RESTART|SA_SIGINFO
    SIGFPE: _ZL13crash_handleriP9__siginfoPv in libjvm.dylib, mask=11100110000111110111111111111111, flags=SA_RESTART|SA_SIGINFO
   SIGPIPE: _ZL17javaSignalHandleriP9__siginfoPv in libjvm.dylib, mask=11100110000111110111111111111111, flags=SA_RESTART|SA_SIGINFO
   SIGXFSZ: _ZL17javaSignalHandleriP9__siginfoPv in libjvm.dylib, mask=11100110000111110111111111111111, flags=SA_RESTART|SA_SIGINFO
    SIGILL: _ZL13crash_handleriP9__siginfoPv in libjvm.dylib, mask=11100110000111110111111111111111, flags=SA_RESTART|SA_SIGINFO
   SIGUSR2: _ZL10SR_handleriP9__siginfoP17__darwin_ucontext in libjvm.dylib, mask=00100000000000000000000000000000, flags=SA_RESTART|SA_SIGINFO
    SIGHUP: _ZL11UserHandleriPvS_ in libjvm.dylib, mask=11100110000111110111111111111111, flags=SA_RESTART|SA_SIGINFO
    SIGINT: _ZL11UserHandleriPvS_ in libjvm.dylib, mask=11100110000111110111111111111111, flags=SA_RESTART|SA_SIGINFO
   SIGTERM: _ZL11UserHandleriPvS_ in libjvm.dylib, mask=11100110000111110111111111111111, flags=SA_RESTART|SA_SIGINFO
   SIGQUIT: _ZL11UserHandleriPvS_ in libjvm.dylib, mask=11100110000111110111111111111111, flags=SA_RESTART|SA_SIGINFO
   SIGTRAP: _ZL13crash_handleriP9__siginfoPv in libjvm.dylib, mask=11100110000111110111111111111111, flags=SA_RESTART|SA_SIGINFO


---------------  S Y S T E M  ---------------

OS:
uname: Darwin 21.3.0 Darwin Kernel Version 21.3.0: Wed Jan  5 21:37:58 PST 2022; root:xnu-8019.80.24~20/RELEASE_ARM64_T6000 arm64
OS uptime: 0 days 14:58 hours
rlimit (soft/hard): STACK 8176k/65520k , CORE 0k/infinity , NPROC 2666/4000 , NOFILE 10240/infinity , AS infinity/infinity , CPU infinity/infinity , DATA infinity/infinity , FSIZE infinity/infinity , MEMLOCK infinity/infinity , RSS infinity/infinity
load average: 3.91 4.21 4.21

CPU: total 8 (initial active 8) 0x61:0x0:0x1b588bb3:0, fp, simd, crc, lse

Memory: 16k page, physical 16777216k(115600k free), swap 1048576k(992512k free)

vm_info: OpenJDK 64-Bit Server VM (17.0.2+8-86) for bsd-aarch64 JRE (17.0.2+8-86), built on Dec  7 2021 21:45:06 by "mach5one" with clang Apple LLVM 12.0.0 (clang-1200.0.32.29)

END.
